2023-02-10 15:10:53,000 - train.py[line:51] - INFO: 训练开始!
2023-02-10 15:10:53,054 - train.py[line:99] - INFO: using 4777 images for training, 528 images for validation.
2023-02-10 15:11:11,664 - train.py[line:176] - INFO: 该epoch花费时间：17.3272811
2023-02-10 15:11:13,651 - train.py[line:193] - INFO: Epoch 1, Loss: 2.1724090576171875, Accuracy: 15.918624877929688, Test Loss: 2.0949671268463135, Test Accuracy: 26.893939971923828
2023-02-10 15:11:29,382 - train.py[line:176] - INFO: 该epoch花费时间：14.819367800000002
2023-02-10 15:11:31,138 - train.py[line:193] - INFO: Epoch 2, Loss: 1.9268454313278198, Accuracy: 26.824665069580078, Test Loss: 1.7274701595306396, Test Accuracy: 34.84848403930664
2023-02-10 15:11:46,453 - train.py[line:176] - INFO: 该epoch花费时间：15.164936399999995
2023-02-10 15:11:48,309 - train.py[line:193] - INFO: Epoch 3, Loss: 1.6694319248199463, Accuracy: 37.248321533203125, Test Loss: 1.5434703826904297, Test Accuracy: 42.42424392700195
2023-02-10 15:12:04,045 - train.py[line:176] - INFO: 该epoch花费时间：15.583979099999993
2023-02-10 15:12:06,005 - train.py[line:193] - INFO: Epoch 4, Loss: 1.4871691465377808, Accuracy: 44.56795120239258, Test Loss: 1.4359887838363647, Test Accuracy: 47.727272033691406
2023-02-10 15:12:21,604 - train.py[line:176] - INFO: 该epoch花费时间：15.42379369999999
2023-02-10 15:12:23,468 - train.py[line:193] - INFO: Epoch 5, Loss: 1.360907793045044, Accuracy: 50.020973205566406, Test Loss: 1.2972915172576904, Test Accuracy: 53.03030014038086
2023-02-10 15:12:38,338 - train.py[line:176] - INFO: 该epoch花费时间：14.749305000000007
2023-02-10 15:12:40,133 - train.py[line:193] - INFO: Epoch 6, Loss: 1.2574102878570557, Accuracy: 54.44630813598633, Test Loss: 1.1833082437515259, Test Accuracy: 57.95454406738281
2023-02-10 15:12:55,422 - train.py[line:176] - INFO: 该epoch花费时间：15.160431299999999
2023-02-10 15:12:57,226 - train.py[line:193] - INFO: Epoch 7, Loss: 1.1614829301834106, Accuracy: 58.28439712524414, Test Loss: 1.1151487827301025, Test Accuracy: 58.33333206176758
2023-02-10 15:13:12,277 - train.py[line:176] - INFO: 该epoch花费时间：14.927581300000014
2023-02-10 15:13:14,133 - train.py[line:193] - INFO: Epoch 8, Loss: 1.106444001197815, Accuracy: 60.025169372558594, Test Loss: 1.1576894521713257, Test Accuracy: 59.09090805053711
2023-02-10 15:13:30,082 - train.py[line:176] - INFO: 该epoch花费时间：15.811004000000025
2023-02-10 15:13:31,859 - train.py[line:193] - INFO: Epoch 9, Loss: 1.0426664352416992, Accuracy: 62.164432525634766, Test Loss: 1.088708519935608, Test Accuracy: 60.79545593261719
2023-02-10 15:13:47,008 - train.py[line:176] - INFO: 该epoch花费时间：14.9968595
2023-02-10 15:13:48,959 - train.py[line:193] - INFO: Epoch 10, Loss: 0.9713655114173889, Accuracy: 65.49916076660156, Test Loss: 1.110387921333313, Test Accuracy: 61.931819915771484
2023-02-10 15:14:04,989 - train.py[line:176] - INFO: 该epoch花费时间：15.877406500000006
2023-02-10 15:14:06,900 - train.py[line:193] - INFO: Epoch 11, Loss: 0.8946743011474609, Accuracy: 68.58221435546875, Test Loss: 0.9969557523727417, Test Accuracy: 66.0984878540039
2023-02-10 15:14:22,028 - train.py[line:176] - INFO: 该epoch花费时间：14.984138900000005
2023-02-10 15:14:24,082 - train.py[line:193] - INFO: Epoch 12, Loss: 0.8635114431381226, Accuracy: 68.58221435546875, Test Loss: 0.9186277985572815, Test Accuracy: 69.69696807861328
2023-02-10 15:14:40,482 - train.py[line:176] - INFO: 该epoch花费时间：16.243972600000006
2023-02-10 15:14:42,393 - train.py[line:193] - INFO: Epoch 13, Loss: 0.7802278399467468, Accuracy: 72.35738372802734, Test Loss: 0.9800528287887573, Test Accuracy: 66.66667175292969
2023-02-10 15:14:58,455 - train.py[line:176] - INFO: 该epoch花费时间：15.91625049999999
2023-02-10 15:15:00,444 - train.py[line:193] - INFO: Epoch 14, Loss: 0.7576012015342712, Accuracy: 72.79781341552734, Test Loss: 0.9547742605209351, Test Accuracy: 69.50757598876953
2023-02-10 15:15:16,693 - train.py[line:176] - INFO: 该epoch花费时间：16.06942749999999
2023-02-10 15:15:18,678 - train.py[line:193] - INFO: Epoch 15, Loss: 0.6765130162239075, Accuracy: 75.90184783935547, Test Loss: 0.9127433896064758, Test Accuracy: 68.56060791015625
2023-02-10 15:15:34,924 - train.py[line:176] - INFO: 该epoch花费时间：16.07027039999997
2023-02-10 15:15:36,844 - train.py[line:193] - INFO: Epoch 16, Loss: 0.6271161437034607, Accuracy: 77.85234832763672, Test Loss: 1.0058832168579102, Test Accuracy: 67.04545593261719
2023-02-10 15:15:53,053 - train.py[line:176] - INFO: 该epoch花费时间：16.05944089999997
2023-02-10 15:15:55,013 - train.py[line:193] - INFO: Epoch 17, Loss: 0.5865029692649841, Accuracy: 79.2575454711914, Test Loss: 1.0325911045074463, Test Accuracy: 67.61363983154297
2023-02-10 15:16:11,083 - train.py[line:176] - INFO: 该epoch花费时间：15.916985499999953
2023-02-10 15:16:13,019 - train.py[line:193] - INFO: Epoch 18, Loss: 0.5390034914016724, Accuracy: 81.04026794433594, Test Loss: 0.880520224571228, Test Accuracy: 73.48484802246094
2023-02-10 15:16:29,398 - train.py[line:176] - INFO: 该epoch花费时间：16.20620059999999
2023-02-10 15:16:31,300 - train.py[line:193] - INFO: Epoch 19, Loss: 0.4861582815647125, Accuracy: 82.71812438964844, Test Loss: 0.9733031392097473, Test Accuracy: 73.29545593261719
2023-02-10 15:16:46,946 - train.py[line:176] - INFO: 该epoch花费时间：15.493657299999995
2023-02-10 15:16:49,017 - train.py[line:193] - INFO: Epoch 20, Loss: 0.43883469700813293, Accuracy: 84.87835693359375, Test Loss: 0.8577956557273865, Test Accuracy: 71.78030395507812
2023-02-10 15:17:05,889 - train.py[line:176] - INFO: 该epoch花费时间：16.706246399999998
2023-02-10 15:17:07,867 - train.py[line:193] - INFO: Epoch 21, Loss: 0.3845504820346832, Accuracy: 86.89177703857422, Test Loss: 0.8476418256759644, Test Accuracy: 74.43181610107422
2023-02-10 15:17:24,070 - train.py[line:176] - INFO: 该epoch花费时间：16.055202500000007
2023-02-10 15:17:25,912 - train.py[line:193] - INFO: Epoch 22, Loss: 0.34985506534576416, Accuracy: 87.56291961669922, Test Loss: 0.8067347407341003, Test Accuracy: 77.2727279663086
2023-02-10 15:17:41,388 - train.py[line:176] - INFO: 该epoch花费时间：15.315521199999978
2023-02-10 15:17:43,212 - train.py[line:193] - INFO: Epoch 23, Loss: 0.310343861579895, Accuracy: 89.24076843261719, Test Loss: 0.8120958805084229, Test Accuracy: 76.89393615722656
2023-02-10 15:17:59,696 - train.py[line:176] - INFO: 该epoch花费时间：16.3380133
2023-02-10 15:18:02,089 - train.py[line:193] - INFO: Epoch 24, Loss: 0.2643458843231201, Accuracy: 91.02349090576172, Test Loss: 0.8443688154220581, Test Accuracy: 78.5984878540039
2023-02-10 15:18:19,169 - train.py[line:176] - INFO: 该epoch花费时间：16.935992499999998
2023-02-10 15:18:21,414 - train.py[line:193] - INFO: Epoch 25, Loss: 0.2366802990436554, Accuracy: 91.4010009765625, Test Loss: 0.7915651798248291, Test Accuracy: 79.35606384277344
2023-02-10 15:18:40,445 - train.py[line:176] - INFO: 该epoch花费时间：18.894017399999996
2023-02-10 15:18:42,859 - train.py[line:193] - INFO: Epoch 26, Loss: 0.20618721842765808, Accuracy: 92.57550048828125, Test Loss: 0.7872694730758667, Test Accuracy: 80.30303192138672
2023-02-10 15:19:01,782 - train.py[line:176] - INFO: 该epoch花费时间：18.768489799999998
2023-02-10 15:19:03,983 - train.py[line:193] - INFO: Epoch 27, Loss: 0.197527214884758, Accuracy: 92.78523254394531, Test Loss: 0.825933039188385, Test Accuracy: 79.16667175292969
2023-02-10 15:19:23,230 - train.py[line:176] - INFO: 该epoch花费时间：19.087302099999988
2023-02-10 15:19:25,644 - train.py[line:193] - INFO: Epoch 28, Loss: 0.1435522735118866, Accuracy: 95.05033874511719, Test Loss: 0.9432387948036194, Test Accuracy: 78.21969604492188
2023-02-10 15:19:44,534 - train.py[line:176] - INFO: 该epoch花费时间：18.711200200000007
2023-02-10 15:19:46,822 - train.py[line:193] - INFO: Epoch 29, Loss: 0.1484648585319519, Accuracy: 95.02935791015625, Test Loss: 0.9784496426582336, Test Accuracy: 78.40909576416016
2023-02-10 15:20:06,056 - train.py[line:176] - INFO: 该epoch花费时间：19.071566200000007
2023-02-10 15:20:08,267 - train.py[line:193] - INFO: Epoch 30, Loss: 0.12359772622585297, Accuracy: 95.93120574951172, Test Loss: 0.8856443166732788, Test Accuracy: 81.43939208984375
2023-02-10 15:20:30,795 - train.py[line:176] - INFO: 该epoch花费时间：22.341637300000002
2023-02-10 15:20:33,149 - train.py[line:193] - INFO: Epoch 31, Loss: 0.13437384366989136, Accuracy: 95.49076843261719, Test Loss: 0.8502117395401001, Test Accuracy: 78.9772720336914
2023-02-10 15:20:50,173 - train.py[line:176] - INFO: 该epoch花费时间：16.87436070000001
2023-02-10 15:20:52,091 - train.py[line:193] - INFO: Epoch 32, Loss: 0.13762113451957703, Accuracy: 95.30201721191406, Test Loss: 0.9612633585929871, Test Accuracy: 80.11363983154297
2023-02-10 15:21:09,252 - train.py[line:176] - INFO: 该epoch花费时间：16.980141600000024
2023-02-10 15:21:11,258 - train.py[line:193] - INFO: Epoch 33, Loss: 0.1028299555182457, Accuracy: 96.43456268310547, Test Loss: 1.0774489641189575, Test Accuracy: 78.21969604492188
2023-02-10 15:21:32,999 - train.py[line:176] - INFO: 该epoch花费时间：21.57317640000008
2023-02-10 15:21:35,978 - train.py[line:193] - INFO: Epoch 34, Loss: 0.0918315127491951, Accuracy: 96.8540267944336, Test Loss: 0.9884709715843201, Test Accuracy: 78.78787994384766
2023-02-10 15:21:59,700 - train.py[line:176] - INFO: 该epoch花费时间：23.531939899999998
2023-02-10 15:22:02,139 - train.py[line:193] - INFO: Epoch 35, Loss: 0.08898311853408813, Accuracy: 97.02181243896484, Test Loss: 1.052809476852417, Test Accuracy: 80.11363983154297
2023-02-10 15:22:21,494 - train.py[line:176] - INFO: 该epoch花费时间：19.172336299999984
2023-02-10 15:22:23,370 - train.py[line:193] - INFO: Epoch 36, Loss: 0.07261113077402115, Accuracy: 97.69295501708984, Test Loss: 0.9768995642662048, Test Accuracy: 79.92424011230469
2023-02-10 15:22:38,855 - train.py[line:176] - INFO: 该epoch花费时间：15.3412194
2023-02-10 15:22:40,765 - train.py[line:193] - INFO: Epoch 37, Loss: 0.06880921125411987, Accuracy: 97.77684783935547, Test Loss: 1.0277941226959229, Test Accuracy: 79.54545593261719
2023-02-10 15:22:56,550 - train.py[line:176] - INFO: 该epoch花费时间：15.684574099999963
2023-02-10 15:22:58,425 - train.py[line:193] - INFO: Epoch 38, Loss: 0.08876446634531021, Accuracy: 97.14765167236328, Test Loss: 1.0642261505126953, Test Accuracy: 80.68181610107422
2023-02-10 15:23:14,149 - train.py[line:176] - INFO: 该epoch花费时间：15.618882900000017
2023-02-10 15:23:16,092 - train.py[line:193] - INFO: Epoch 39, Loss: 0.045171674340963364, Accuracy: 98.53187561035156, Test Loss: 0.9796607494354248, Test Accuracy: 82.19696807861328
2023-02-10 15:23:31,935 - train.py[line:176] - INFO: 该epoch花费时间：15.696200399999952
2023-02-10 15:23:33,792 - train.py[line:193] - INFO: Epoch 40, Loss: 0.05145343765616417, Accuracy: 98.36409759521484, Test Loss: 0.9953859448432922, Test Accuracy: 81.6287841796875
2023-02-10 15:23:49,838 - train.py[line:176] - INFO: 该epoch花费时间：15.892042199999992
2023-02-10 15:23:52,050 - train.py[line:193] - INFO: Epoch 41, Loss: 0.050333961844444275, Accuracy: 98.42701721191406, Test Loss: 0.9715177416801453, Test Accuracy: 83.71212005615234
2023-02-10 15:24:07,760 - train.py[line:176] - INFO: 该epoch花费时间：15.583260300000006
2023-02-10 15:24:09,600 - train.py[line:193] - INFO: Epoch 42, Loss: 0.01855175942182541, Accuracy: 99.49664306640625, Test Loss: 1.0976637601852417, Test Accuracy: 81.81818389892578
2023-02-10 15:24:25,134 - train.py[line:176] - INFO: 该epoch花费时间：15.392041099999915
2023-02-10 15:24:27,058 - train.py[line:193] - INFO: Epoch 43, Loss: 0.06034890189766884, Accuracy: 97.8817138671875, Test Loss: 1.089776873588562, Test Accuracy: 79.54545593261719
2023-02-10 15:24:44,191 - train.py[line:176] - INFO: 该epoch花费时间：16.91441359999999
2023-02-10 15:24:46,203 - train.py[line:193] - INFO: Epoch 44, Loss: 0.0487278588116169, Accuracy: 98.59479522705078, Test Loss: 1.0715101957321167, Test Accuracy: 80.49242401123047
2023-02-10 15:25:03,213 - train.py[line:176] - INFO: 该epoch花费时间：16.85727780000002
2023-02-10 15:25:05,328 - train.py[line:193] - INFO: Epoch 45, Loss: 0.032505277544260025, Accuracy: 98.90939331054688, Test Loss: 1.1174287796020508, Test Accuracy: 81.06060791015625
2023-02-10 15:25:25,558 - train.py[line:176] - INFO: 该epoch花费时间：20.092764800000054
2023-02-10 15:25:28,119 - train.py[line:193] - INFO: Epoch 46, Loss: 0.04017562419176102, Accuracy: 98.84647369384766, Test Loss: 1.0938622951507568, Test Accuracy: 82.38636016845703
2023-02-10 15:25:48,535 - train.py[line:176] - INFO: 该epoch花费时间：20.2344296
2023-02-10 15:25:51,052 - train.py[line:193] - INFO: Epoch 47, Loss: 0.031011484563350677, Accuracy: 99.09815216064453, Test Loss: 1.0202215909957886, Test Accuracy: 82.00757598876953
2023-02-10 15:26:11,781 - train.py[line:176] - INFO: 该epoch花费时间：20.525847399999975
2023-02-10 15:26:14,263 - train.py[line:193] - INFO: Epoch 48, Loss: 0.024081015959382057, Accuracy: 99.3498306274414, Test Loss: 1.187396764755249, Test Accuracy: 82.57575988769531
2023-02-10 15:26:34,720 - train.py[line:176] - INFO: 该epoch花费时间：20.25441760000001
2023-02-10 15:26:37,307 - train.py[line:193] - INFO: Epoch 49, Loss: 0.02137151174247265, Accuracy: 99.26593780517578, Test Loss: 1.1648938655853271, Test Accuracy: 81.06060791015625
2023-02-10 15:26:57,620 - train.py[line:176] - INFO: 该epoch花费时间：20.144596099999944
2023-02-10 15:27:00,121 - train.py[line:193] - INFO: Epoch 50, Loss: 0.013440724462270737, Accuracy: 99.47566986083984, Test Loss: 1.1004451513290405, Test Accuracy: 82.76515197753906
2023-02-10 15:27:00,325 - train.py[line:196] - INFO: 训练结束!
