2023-02-10 18:35:12,914 - train.py[line:54] - INFO: 训练开始!
2023-02-10 18:35:12,978 - train.py[line:102] - INFO: using 4777 images for training, 528 images for validation.
2023-02-10 18:35:47,464 - train.py[line:54] - INFO: 训练开始!
2023-02-10 18:35:47,506 - train.py[line:102] - INFO: using 4777 images for training, 528 images for validation.
2023-02-10 18:36:48,986 - train.py[line:54] - INFO: 训练开始!
2023-02-10 18:36:49,048 - train.py[line:102] - INFO: using 4777 images for training, 528 images for validation.
2023-02-10 18:38:05,373 - train.py[line:206] - INFO: 该epoch花费时间：73.83574030000001
2023-02-10 18:38:11,314 - train.py[line:226] - INFO: Epoch 1, Loss: 3.5034117698669434, Accuracy: 14.426298141479492, Test Loss: 2.1841835975646973, Test Accuracy: 14.583333015441895
2023-02-10 18:39:15,461 - train.py[line:206] - INFO: 该epoch花费时间：63.908367999999996
2023-02-10 18:39:18,229 - train.py[line:226] - INFO: Epoch 2, Loss: 3.4838976860046387, Accuracy: 14.572864532470703, Test Loss: 2.1629855632781982, Test Accuracy: 14.583333015441895
2023-02-10 18:40:22,188 - train.py[line:206] - INFO: 该epoch花费时间：63.801094199999994
2023-02-10 18:40:24,931 - train.py[line:226] - INFO: Epoch 3, Loss: 3.3826770782470703, Accuracy: 19.15829086303711, Test Loss: 1.9622645378112793, Test Accuracy: 23.863636016845703
2023-02-10 18:41:28,858 - train.py[line:206] - INFO: 该epoch花费时间：63.68111480000002
2023-02-10 18:41:31,608 - train.py[line:226] - INFO: Epoch 4, Loss: 2.9928674697875977, Accuracy: 27.1147403717041, Test Loss: 1.7881611585617065, Test Accuracy: 34.84848403930664
2023-02-10 18:42:37,399 - train.py[line:206] - INFO: 该epoch花费时间：63.86349190000004
2023-02-10 18:42:40,114 - train.py[line:226] - INFO: Epoch 5, Loss: 2.7344260215759277, Accuracy: 36.11809158325195, Test Loss: 1.6114460229873657, Test Accuracy: 43.75
2023-02-10 18:43:44,114 - train.py[line:206] - INFO: 该epoch花费时间：63.83421089999996
2023-02-10 18:43:46,763 - train.py[line:226] - INFO: Epoch 6, Loss: 2.570798873901367, Accuracy: 40.242881774902344, Test Loss: 1.5646854639053345, Test Accuracy: 40.34090805053711
2023-02-10 18:44:51,084 - train.py[line:206] - INFO: 该epoch花费时间：64.11980819999997
2023-02-10 18:44:53,929 - train.py[line:226] - INFO: Epoch 7, Loss: 2.4479339122772217, Accuracy: 42.462310791015625, Test Loss: 1.4461572170257568, Test Accuracy: 46.40151596069336
2023-02-10 18:45:58,228 - train.py[line:206] - INFO: 该epoch花费时间：64.09958290000003
2023-02-10 18:46:00,915 - train.py[line:226] - INFO: Epoch 8, Loss: 2.3592629432678223, Accuracy: 44.430484771728516, Test Loss: 1.3764007091522217, Test Accuracy: 49.431819915771484
2023-02-10 18:47:06,444 - train.py[line:206] - INFO: 该epoch花费时间：65.33285419999993
2023-02-10 18:47:10,648 - train.py[line:226] - INFO: Epoch 9, Loss: 2.298689365386963, Accuracy: 46.147403717041016, Test Loss: 1.4457249641418457, Test Accuracy: 46.212120056152344
2023-02-10 18:48:22,621 - train.py[line:206] - INFO: 该epoch花费时间：71.4958914
2023-02-10 18:48:26,683 - train.py[line:226] - INFO: Epoch 10, Loss: 2.215134620666504, Accuracy: 47.96900939941406, Test Loss: 1.3170311450958252, Test Accuracy: 51.51515197753906
2023-02-10 18:49:33,793 - train.py[line:206] - INFO: 该epoch花费时间：66.8546558999999
2023-02-10 18:49:36,651 - train.py[line:226] - INFO: Epoch 11, Loss: 2.1468279361724854, Accuracy: 49.748741149902344, Test Loss: 1.3563189506530762, Test Accuracy: 50.568180084228516
2023-02-10 18:50:41,296 - train.py[line:206] - INFO: 该epoch花费时间：64.47962360000008
2023-02-10 18:50:44,108 - train.py[line:226] - INFO: Epoch 12, Loss: 2.107740640640259, Accuracy: 50.37688446044922, Test Loss: 1.2617065906524658, Test Accuracy: 52.462120056152344
2023-02-10 18:51:48,675 - train.py[line:206] - INFO: 该epoch花费时间：64.30325170000003
2023-02-10 18:51:51,448 - train.py[line:226] - INFO: Epoch 13, Loss: 2.051038980484009, Accuracy: 51.44472122192383, Test Loss: 1.2198610305786133, Test Accuracy: 54.16666793823242
2023-02-10 18:52:55,901 - train.py[line:206] - INFO: 该epoch花费时间：64.2315996000001
2023-02-10 18:52:58,677 - train.py[line:226] - INFO: Epoch 14, Loss: 1.9945100545883179, Accuracy: 53.07788848876953, Test Loss: 1.2613393068313599, Test Accuracy: 51.89393615722656
2023-02-10 18:54:03,433 - train.py[line:206] - INFO: 该epoch花费时间：64.58883790000004
2023-02-10 18:54:06,214 - train.py[line:226] - INFO: Epoch 15, Loss: 1.944857120513916, Accuracy: 54.6691780090332, Test Loss: 1.318753957748413, Test Accuracy: 49.621212005615234
2023-02-10 18:55:10,913 - train.py[line:206] - INFO: 该epoch花费时间：64.49990990000015
2023-02-10 18:55:13,776 - train.py[line:226] - INFO: Epoch 16, Loss: 1.8711408376693726, Accuracy: 55.757957458496094, Test Loss: 1.1433098316192627, Test Accuracy: 57.3863639831543
2023-02-10 18:56:18,209 - train.py[line:206] - INFO: 该epoch花费时间：64.22919750000005
2023-02-10 18:56:20,941 - train.py[line:226] - INFO: Epoch 17, Loss: 1.828842282295227, Accuracy: 57.035179138183594, Test Loss: 1.1421914100646973, Test Accuracy: 58.52272415161133
2023-02-10 18:57:25,203 - train.py[line:206] - INFO: 该epoch花费时间：64.08342989999983
2023-02-10 18:57:27,891 - train.py[line:226] - INFO: Epoch 18, Loss: 1.762312889099121, Accuracy: 58.91959762573242, Test Loss: 1.0536781549453735, Test Accuracy: 61.931819915771484
2023-02-10 18:58:32,353 - train.py[line:206] - INFO: 该epoch花费时间：64.27578240000003
2023-02-10 18:58:35,105 - train.py[line:226] - INFO: Epoch 19, Loss: 1.6904311180114746, Accuracy: 61.159969329833984, Test Loss: 1.0602372884750366, Test Accuracy: 62.68939208984375
2023-02-10 18:59:39,599 - train.py[line:206] - INFO: 该epoch花费时间：64.30068570000003
2023-02-10 18:59:42,326 - train.py[line:226] - INFO: Epoch 20, Loss: 1.6427170038223267, Accuracy: 61.55778884887695, Test Loss: 1.0149641036987305, Test Accuracy: 62.68939208984375
2023-02-10 19:00:49,781 - train.py[line:206] - INFO: 该epoch花费时间：67.2693862000001
2023-02-10 19:00:54,068 - train.py[line:226] - INFO: Epoch 21, Loss: 1.5572943687438965, Accuracy: 64.19597625732422, Test Loss: 0.9851823449134827, Test Accuracy: 67.23484802246094
2023-02-10 19:02:01,989 - train.py[line:206] - INFO: 该epoch花费时间：65.4533308
2023-02-10 19:02:04,811 - train.py[line:226] - INFO: Epoch 22, Loss: 1.5068926811218262, Accuracy: 66.83416748046875, Test Loss: 0.8985990285873413, Test Accuracy: 65.53030395507812
2023-02-10 19:03:09,629 - train.py[line:206] - INFO: 该epoch花费时间：64.64765229999989
2023-02-10 19:03:12,376 - train.py[line:226] - INFO: Epoch 23, Loss: 1.4353255033493042, Accuracy: 68.13233184814453, Test Loss: 0.9075280427932739, Test Accuracy: 67.23484802246094
2023-02-10 19:04:17,035 - train.py[line:206] - INFO: 该epoch花费时间：64.49318130000006
2023-02-10 19:04:19,934 - train.py[line:226] - INFO: Epoch 24, Loss: 1.3867967128753662, Accuracy: 69.47235870361328, Test Loss: 0.8994648456573486, Test Accuracy: 69.1287841796875
2023-02-10 19:05:25,561 - train.py[line:206] - INFO: 该epoch花费时间：65.44197759999997
2023-02-10 19:05:28,402 - train.py[line:226] - INFO: Epoch 25, Loss: 1.317043423652649, Accuracy: 71.04271697998047, Test Loss: 0.8754438161849976, Test Accuracy: 67.04545593261719
2023-02-10 19:06:34,834 - train.py[line:206] - INFO: 该epoch花费时间：66.2606429
2023-02-10 19:06:37,601 - train.py[line:226] - INFO: Epoch 26, Loss: 1.2677133083343506, Accuracy: 71.90116882324219, Test Loss: 0.8065904974937439, Test Accuracy: 71.4015121459961
2023-02-10 19:07:42,383 - train.py[line:206] - INFO: 该epoch花费时间：64.62046720000012
2023-02-10 19:07:45,218 - train.py[line:226] - INFO: Epoch 27, Loss: 1.1963908672332764, Accuracy: 74.14154052734375, Test Loss: 0.9424400329589844, Test Accuracy: 68.18181610107422
2023-02-10 19:08:49,666 - train.py[line:206] - INFO: 该epoch花费时间：64.25721399999998
2023-02-10 19:08:52,538 - train.py[line:226] - INFO: Epoch 28, Loss: 1.1307306289672852, Accuracy: 76.42378997802734, Test Loss: 0.8178728222846985, Test Accuracy: 69.31818389892578
2023-02-10 19:09:56,852 - train.py[line:206] - INFO: 该epoch花费时间：64.1618226999999
2023-02-10 19:09:59,672 - train.py[line:226] - INFO: Epoch 29, Loss: 1.0397111177444458, Accuracy: 77.994140625, Test Loss: 0.7470307350158691, Test Accuracy: 74.24242401123047
2023-02-10 19:11:04,155 - train.py[line:206] - INFO: 该epoch花费时间：64.30367799999976
2023-02-10 19:11:06,967 - train.py[line:226] - INFO: Epoch 30, Loss: 1.0303189754486084, Accuracy: 78.11976623535156, Test Loss: 0.7142723798751831, Test Accuracy: 75.18939208984375
2023-02-10 19:12:11,443 - train.py[line:206] - INFO: 该epoch花费时间：64.3081414000003
2023-02-10 19:12:14,169 - train.py[line:226] - INFO: Epoch 31, Loss: 0.9524527788162231, Accuracy: 81.15577697753906, Test Loss: 0.8307886719703674, Test Accuracy: 72.15909576416016
2023-02-10 19:13:18,549 - train.py[line:206] - INFO: 该epoch花费时间：64.19205429999965
2023-02-10 19:13:21,367 - train.py[line:226] - INFO: Epoch 32, Loss: 0.9048205018043518, Accuracy: 81.32328033447266, Test Loss: 0.8160796761512756, Test Accuracy: 70.83332824707031
2023-02-10 19:14:25,838 - train.py[line:206] - INFO: 该epoch花费时间：64.30610259999958
2023-02-10 19:14:28,714 - train.py[line:226] - INFO: Epoch 33, Loss: 0.8460036516189575, Accuracy: 83.3542709350586, Test Loss: 0.6406747698783875, Test Accuracy: 78.03030395507812
2023-02-10 19:15:33,808 - train.py[line:206] - INFO: 该epoch花费时间：64.3619020000001
2023-02-10 19:15:36,700 - train.py[line:226] - INFO: Epoch 34, Loss: 0.7749001979827881, Accuracy: 84.77806091308594, Test Loss: 0.6976345777511597, Test Accuracy: 76.32575988769531
2023-02-10 19:16:41,208 - train.py[line:206] - INFO: 该epoch花费时间：64.33339049999995
2023-02-10 19:16:43,852 - train.py[line:226] - INFO: Epoch 35, Loss: 0.7114173173904419, Accuracy: 85.67839050292969, Test Loss: 0.5570979118347168, Test Accuracy: 80.30303192138672
2023-02-10 19:17:49,293 - train.py[line:206] - INFO: 该epoch花费时间：65.286834
2023-02-10 19:17:51,988 - train.py[line:226] - INFO: Epoch 36, Loss: 0.6747725605964661, Accuracy: 87.52094268798828, Test Loss: 0.5375849008560181, Test Accuracy: 82.76515197753906
2023-02-10 19:18:56,455 - train.py[line:206] - INFO: 该epoch花费时间：64.30426859999989
2023-02-10 19:18:59,143 - train.py[line:226] - INFO: Epoch 37, Loss: 0.6277785897254944, Accuracy: 88.04438781738281, Test Loss: 0.7094867825508118, Test Accuracy: 77.2727279663086
2023-02-10 19:20:03,812 - train.py[line:206] - INFO: 该epoch花费时间：64.50424789999988
2023-02-10 19:20:06,603 - train.py[line:226] - INFO: Epoch 38, Loss: 0.5958899259567261, Accuracy: 89.25879669189453, Test Loss: 0.6252611875534058, Test Accuracy: 80.49242401123047
2023-02-10 19:21:11,498 - train.py[line:206] - INFO: 该epoch花费时间：64.72675519999984
2023-02-10 19:21:14,318 - train.py[line:226] - INFO: Epoch 39, Loss: 0.5377603769302368, Accuracy: 90.78726959228516, Test Loss: 0.5237653851509094, Test Accuracy: 82.00757598876953
2023-02-10 19:22:18,755 - train.py[line:206] - INFO: 该epoch花费时间：64.27602209999986
2023-02-10 19:22:21,522 - train.py[line:226] - INFO: Epoch 40, Loss: 0.4752867817878723, Accuracy: 91.95980072021484, Test Loss: 0.5714921951293945, Test Accuracy: 81.6287841796875
2023-02-10 19:23:26,151 - train.py[line:206] - INFO: 该epoch花费时间：64.45386310000004
2023-02-10 19:23:28,811 - train.py[line:226] - INFO: Epoch 41, Loss: 0.4458447992801666, Accuracy: 92.88107299804688, Test Loss: 0.5482312440872192, Test Accuracy: 85.98484802246094
2023-02-10 19:24:33,428 - train.py[line:206] - INFO: 该epoch花费时间：64.45983460000025
2023-02-10 19:24:36,294 - train.py[line:226] - INFO: Epoch 42, Loss: 0.3960516154766083, Accuracy: 93.55108642578125, Test Loss: 0.6933113932609558, Test Accuracy: 83.14393615722656
2023-02-10 19:25:41,747 - train.py[line:206] - INFO: 该epoch花费时间：65.23879179999994
2023-02-10 19:25:44,495 - train.py[line:226] - INFO: Epoch 43, Loss: 0.40458670258522034, Accuracy: 93.00669860839844, Test Loss: 0.6084758043289185, Test Accuracy: 84.8484878540039
2023-02-10 19:26:48,965 - train.py[line:206] - INFO: 该epoch花费时间：64.30271120000043
2023-02-10 19:26:51,901 - train.py[line:226] - INFO: Epoch 44, Loss: 0.36788079142570496, Accuracy: 94.22109985351562, Test Loss: 0.49136364459991455, Test Accuracy: 82.95454406738281
2023-02-10 19:27:56,725 - train.py[line:206] - INFO: 该epoch花费时间：64.62641600000006
2023-02-10 19:27:59,433 - train.py[line:226] - INFO: Epoch 45, Loss: 0.3159204125404358, Accuracy: 95.20519256591797, Test Loss: 0.6429263949394226, Test Accuracy: 82.57575988769531
2023-02-10 19:29:04,009 - train.py[line:206] - INFO: 该epoch花费时间：64.4203322000003
2023-02-10 19:29:06,829 - train.py[line:226] - INFO: Epoch 46, Loss: 0.31720075011253357, Accuracy: 95.18425750732422, Test Loss: 0.6852802634239197, Test Accuracy: 83.14393615722656
2023-02-10 19:30:11,380 - train.py[line:206] - INFO: 该epoch花费时间：64.31099629999972
2023-02-10 19:30:14,246 - train.py[line:226] - INFO: Epoch 47, Loss: 0.2795969247817993, Accuracy: 96.18927764892578, Test Loss: 0.7112307548522949, Test Accuracy: 81.25
2023-02-10 19:31:18,784 - train.py[line:206] - INFO: 该epoch花费时间：64.37678609999966
2023-02-10 19:31:21,578 - train.py[line:226] - INFO: Epoch 48, Loss: 0.2705143392086029, Accuracy: 95.93801879882812, Test Loss: 0.652103841304779, Test Accuracy: 83.9015121459961
2023-02-10 19:32:26,074 - train.py[line:206] - INFO: 该epoch花费时间：64.25596330000008
2023-02-10 19:32:29,103 - train.py[line:226] - INFO: Epoch 49, Loss: 0.24048367142677307, Accuracy: 96.64991760253906, Test Loss: 0.5497562885284424, Test Accuracy: 86.17424011230469
2023-02-10 19:33:33,743 - train.py[line:206] - INFO: 该epoch花费时间：64.45537279999962
2023-02-10 19:33:36,387 - train.py[line:226] - INFO: Epoch 50, Loss: 0.2256278097629547, Accuracy: 97.02680206298828, Test Loss: 0.5550119876861572, Test Accuracy: 84.8484878540039
2023-02-10 19:33:36,563 - train.py[line:229] - INFO: 训练结束!
