2023-02-11 12:42:48,001 - train.py[line:57] - INFO: 训练开始!
2023-02-11 12:42:48,068 - train.py[line:105] - INFO: using 4777 images for training, 528 images for validation.
2023-02-11 12:44:07,062 - train.py[line:222] - INFO: 该epoch花费时间：76.1165753
2023-02-11 12:44:10,493 - train.py[line:242] - INFO: Epoch 1, Loss: 2.0240566730499268, Accuracy: 26.04690170288086, Test Loss: 1.8236161470413208, Test Accuracy: 36.17424392700195
2023-02-11 12:45:19,471 - train.py[line:222] - INFO: 该epoch花费时间：68.70698370000001
2023-02-11 12:45:21,940 - train.py[line:242] - INFO: Epoch 2, Loss: 1.7016931772232056, Accuracy: 38.00251007080078, Test Loss: 2.574694871902466, Test Accuracy: 35.416664123535156
2023-02-11 12:46:30,890 - train.py[line:222] - INFO: 该epoch花费时间：68.7017165
2023-02-11 12:46:33,443 - train.py[line:242] - INFO: Epoch 3, Loss: 1.5525271892547607, Accuracy: 44.82830810546875, Test Loss: 2.0179855823516846, Test Accuracy: 39.20454788208008
2023-02-11 12:47:42,523 - train.py[line:222] - INFO: 该epoch花费时间：68.8000644
2023-02-11 12:47:44,982 - train.py[line:242] - INFO: Epoch 4, Loss: 1.4350005388259888, Accuracy: 49.162479400634766, Test Loss: 1.5853549242019653, Test Accuracy: 52.84090805053711
2023-02-11 12:48:54,030 - train.py[line:222] - INFO: 该epoch花费时间：68.72736429999998
2023-02-11 12:48:56,508 - train.py[line:242] - INFO: Epoch 5, Loss: 1.2786599397659302, Accuracy: 56.030147552490234, Test Loss: 1.2644579410552979, Test Accuracy: 60.98484802246094
2023-02-11 12:50:05,766 - train.py[line:222] - INFO: 该epoch花费时间：68.9834664
2023-02-11 12:50:08,201 - train.py[line:242] - INFO: Epoch 6, Loss: 1.132781982421875, Accuracy: 61.34840774536133, Test Loss: 0.9726422429084778, Test Accuracy: 68.56060791015625
2023-02-11 12:51:17,380 - train.py[line:222] - INFO: 该epoch花费时间：68.82909239999992
2023-02-11 12:51:19,911 - train.py[line:242] - INFO: Epoch 7, Loss: 1.00093412399292, Accuracy: 66.45728302001953, Test Loss: 0.751729428768158, Test Accuracy: 75.56818389892578
2023-02-11 12:52:28,967 - train.py[line:222] - INFO: 该epoch花费时间：68.78320370000006
2023-02-11 12:52:31,518 - train.py[line:242] - INFO: Epoch 8, Loss: 0.9082691669464111, Accuracy: 69.47235870361328, Test Loss: 0.8905994892120361, Test Accuracy: 70.07575988769531
2023-02-11 12:53:40,412 - train.py[line:222] - INFO: 该epoch花费时间：68.63173589999997
2023-02-11 12:53:42,938 - train.py[line:242] - INFO: Epoch 9, Loss: 0.8450308442115784, Accuracy: 71.62897491455078, Test Loss: 1.202330470085144, Test Accuracy: 65.34090423583984
2023-02-11 12:54:52,408 - train.py[line:222] - INFO: 该epoch花费时间：69.22000229999992
2023-02-11 12:54:55,046 - train.py[line:242] - INFO: Epoch 10, Loss: 0.7766743302345276, Accuracy: 74.07872772216797, Test Loss: 0.727511465549469, Test Accuracy: 75.18939208984375
2023-02-11 12:56:04,458 - train.py[line:222] - INFO: 该epoch花费时间：69.04537329999994
2023-02-11 12:56:07,051 - train.py[line:242] - INFO: Epoch 11, Loss: 0.6812992095947266, Accuracy: 77.34506225585938, Test Loss: 0.7541252374649048, Test Accuracy: 76.32575988769531
2023-02-11 12:57:16,119 - train.py[line:222] - INFO: 该epoch花费时间：68.82165889999999
2023-02-11 12:57:18,727 - train.py[line:242] - INFO: Epoch 12, Loss: 0.6405825018882751, Accuracy: 78.78977966308594, Test Loss: 0.7043505907058716, Test Accuracy: 78.78787994384766
2023-02-11 12:58:27,958 - train.py[line:222] - INFO: 该epoch花费时间：68.86229200000002
2023-02-11 12:58:30,482 - train.py[line:242] - INFO: Epoch 13, Loss: 0.5715722441673279, Accuracy: 80.73701477050781, Test Loss: 0.7023155689239502, Test Accuracy: 76.89393615722656
2023-02-11 12:59:39,608 - train.py[line:222] - INFO: 该epoch花费时间：68.83255269999995
2023-02-11 12:59:42,285 - train.py[line:242] - INFO: Epoch 14, Loss: 0.5245653986930847, Accuracy: 82.5167465209961, Test Loss: 0.7650681734085083, Test Accuracy: 76.51515197753906
2023-02-11 13:00:51,330 - train.py[line:222] - INFO: 该epoch花费时间：68.74563400000011
2023-02-11 13:00:53,928 - train.py[line:242] - INFO: Epoch 15, Loss: 0.48297032713890076, Accuracy: 83.81491088867188, Test Loss: 0.7777683138847351, Test Accuracy: 77.46212005615234
2023-02-11 13:02:03,084 - train.py[line:222] - INFO: 该epoch花费时间：68.88429829999995
2023-02-11 13:02:05,673 - train.py[line:242] - INFO: Epoch 16, Loss: 0.4633755385875702, Accuracy: 85.02931213378906, Test Loss: 0.775532066822052, Test Accuracy: 78.78787994384766
2023-02-11 13:03:14,866 - train.py[line:222] - INFO: 该epoch花费时间：68.93992040000012
2023-02-11 13:03:17,527 - train.py[line:242] - INFO: Epoch 17, Loss: 0.4273419678211212, Accuracy: 86.09715270996094, Test Loss: 0.6389873027801514, Test Accuracy: 80.49242401123047
2023-02-11 13:04:26,689 - train.py[line:222] - INFO: 该epoch花费时间：68.87207639999997
2023-02-11 13:04:29,473 - train.py[line:242] - INFO: Epoch 18, Loss: 0.40367355942726135, Accuracy: 86.87185668945312, Test Loss: 0.7686461210250854, Test Accuracy: 76.70454406738281
2023-02-11 13:05:38,994 - train.py[line:222] - INFO: 该epoch花费时间：69.19782329999998
2023-02-11 13:05:41,536 - train.py[line:242] - INFO: Epoch 19, Loss: 0.34946444630622864, Accuracy: 88.92378997802734, Test Loss: 0.5177209377288818, Test Accuracy: 83.5227279663086
2023-02-11 13:06:50,972 - train.py[line:222] - INFO: 该epoch花费时间：69.05561349999994
2023-02-11 13:06:53,586 - train.py[line:242] - INFO: Epoch 20, Loss: 0.3657420575618744, Accuracy: 87.96063995361328, Test Loss: 0.5972776412963867, Test Accuracy: 84.28030395507812
2023-02-11 13:08:02,836 - train.py[line:222] - INFO: 该epoch花费时间：68.97327429999996
2023-02-11 13:08:05,351 - train.py[line:242] - INFO: Epoch 21, Loss: 0.3210308849811554, Accuracy: 89.55192565917969, Test Loss: 0.7211610674858093, Test Accuracy: 80.30303192138672
2023-02-11 13:09:14,497 - train.py[line:222] - INFO: 该epoch花费时间：68.88325669999995
2023-02-11 13:09:16,944 - train.py[line:242] - INFO: Epoch 22, Loss: 0.3108079731464386, Accuracy: 89.90787506103516, Test Loss: 0.6888877749443054, Test Accuracy: 79.54545593261719
2023-02-11 13:10:26,339 - train.py[line:222] - INFO: 该epoch花费时间：69.02116789999991
2023-02-11 13:10:29,030 - train.py[line:242] - INFO: Epoch 23, Loss: 0.2794577181339264, Accuracy: 90.99665069580078, Test Loss: 0.5909642577171326, Test Accuracy: 82.38636016845703
2023-02-11 13:11:38,155 - train.py[line:222] - INFO: 该epoch花费时间：68.86473379999984
2023-02-11 13:11:40,681 - train.py[line:242] - INFO: Epoch 24, Loss: 0.28007420897483826, Accuracy: 90.57788848876953, Test Loss: 0.704504132270813, Test Accuracy: 83.5227279663086
2023-02-11 13:12:49,977 - train.py[line:222] - INFO: 该epoch花费时间：69.03690559999995
2023-02-11 13:12:52,444 - train.py[line:242] - INFO: Epoch 25, Loss: 0.25352492928504944, Accuracy: 91.91792297363281, Test Loss: 0.5433116555213928, Test Accuracy: 84.09090423583984
2023-02-11 13:14:01,930 - train.py[line:222] - INFO: 该epoch花费时间：69.1614254000001
2023-02-11 13:14:04,548 - train.py[line:242] - INFO: Epoch 26, Loss: 0.24118277430534363, Accuracy: 92.00167846679688, Test Loss: 0.6409898996353149, Test Accuracy: 83.5227279663086
2023-02-11 13:15:14,071 - train.py[line:222] - INFO: 该epoch花费时间：69.25263449999989
2023-02-11 13:15:16,636 - train.py[line:242] - INFO: Epoch 27, Loss: 0.21825675666332245, Accuracy: 92.98576354980469, Test Loss: 0.547146737575531, Test Accuracy: 85.60606384277344
2023-02-11 13:16:25,954 - train.py[line:222] - INFO: 该epoch花费时间：69.04285320000008
2023-02-11 13:16:28,567 - train.py[line:242] - INFO: Epoch 28, Loss: 0.23121972382068634, Accuracy: 92.23199462890625, Test Loss: 0.6594687700271606, Test Accuracy: 84.09090423583984
2023-02-11 13:17:38,147 - train.py[line:222] - INFO: 该epoch花费时间：69.26232979999986
2023-02-11 13:17:40,834 - train.py[line:242] - INFO: Epoch 29, Loss: 0.19595475494861603, Accuracy: 93.21607971191406, Test Loss: 0.605446994304657, Test Accuracy: 83.9015121459961
2023-02-11 13:18:50,526 - train.py[line:222] - INFO: 该epoch花费时间：69.40455380000003
2023-02-11 13:18:53,050 - train.py[line:242] - INFO: Epoch 30, Loss: 0.2209373414516449, Accuracy: 93.11138916015625, Test Loss: 0.5440625548362732, Test Accuracy: 86.17424011230469
2023-02-11 13:20:03,262 - train.py[line:222] - INFO: 该epoch花费时间：69.87192079999977
2023-02-11 13:20:05,880 - train.py[line:242] - INFO: Epoch 31, Loss: 0.1764606386423111, Accuracy: 94.32579040527344, Test Loss: 0.6609674692153931, Test Accuracy: 83.14393615722656
2023-02-11 13:21:15,601 - train.py[line:222] - INFO: 该epoch花费时间：69.45953499999996
2023-02-11 13:21:18,079 - train.py[line:242] - INFO: Epoch 32, Loss: 0.1932981163263321, Accuracy: 93.86515808105469, Test Loss: 0.6771612763404846, Test Accuracy: 82.57575988769531
2023-02-11 13:22:27,635 - train.py[line:222] - INFO: 该epoch花费时间：69.25615530000005
2023-02-11 13:22:30,324 - train.py[line:242] - INFO: Epoch 33, Loss: 0.17243345081806183, Accuracy: 94.43048858642578, Test Loss: 0.5532235503196716, Test Accuracy: 83.33332824707031
2023-02-11 13:23:40,116 - train.py[line:222] - INFO: 该epoch花费时间：69.5200646999997
2023-02-11 13:23:42,632 - train.py[line:242] - INFO: Epoch 34, Loss: 0.15308129787445068, Accuracy: 94.78643035888672, Test Loss: 0.6192097067832947, Test Accuracy: 85.2272720336914
2023-02-11 13:24:56,285 - train.py[line:222] - INFO: 该epoch花费时间：73.39218230000006
2023-02-11 13:24:59,062 - train.py[line:242] - INFO: Epoch 35, Loss: 0.15261708199977875, Accuracy: 95.26800537109375, Test Loss: 0.5020148158073425, Test Accuracy: 86.74242401123047
2023-02-11 13:26:09,457 - train.py[line:222] - INFO: 该epoch花费时间：70.03285830000004
2023-02-11 13:26:12,028 - train.py[line:242] - INFO: Epoch 36, Loss: 0.17331314086914062, Accuracy: 94.26298522949219, Test Loss: 0.39450323581695557, Test Accuracy: 88.44696807861328
2023-02-11 13:27:21,722 - train.py[line:222] - INFO: 该epoch花费时间：69.41177259999995
2023-02-11 13:27:24,203 - train.py[line:242] - INFO: Epoch 37, Loss: 0.13324107229709625, Accuracy: 95.43550872802734, Test Loss: 0.6078715920448303, Test Accuracy: 87.31060791015625
2023-02-11 13:28:33,749 - train.py[line:222] - INFO: 该epoch花费时间：69.24178010000014
2023-02-11 13:28:36,276 - train.py[line:242] - INFO: Epoch 38, Loss: 0.13697487115859985, Accuracy: 95.49832153320312, Test Loss: 0.5827217698097229, Test Accuracy: 86.36363983154297
2023-02-11 13:29:45,576 - train.py[line:222] - INFO: 该epoch花费时间：69.04563340000004
2023-02-11 13:29:48,085 - train.py[line:242] - INFO: Epoch 39, Loss: 0.13713763654232025, Accuracy: 96.02177429199219, Test Loss: 0.5312962532043457, Test Accuracy: 85.60606384277344
2023-02-11 13:30:57,518 - train.py[line:222] - INFO: 该epoch花费时间：69.15341360000002
2023-02-11 13:31:00,125 - train.py[line:242] - INFO: Epoch 40, Loss: 0.13505692780017853, Accuracy: 95.8124008178711, Test Loss: 0.5896664261817932, Test Accuracy: 85.79545593261719
2023-02-11 13:32:09,513 - train.py[line:222] - INFO: 该epoch花费时间：69.1051594999999
2023-02-11 13:32:12,016 - train.py[line:242] - INFO: Epoch 41, Loss: 0.12578286230564117, Accuracy: 95.9589614868164, Test Loss: 0.5720479488372803, Test Accuracy: 85.79545593261719
2023-02-11 13:33:21,390 - train.py[line:222] - INFO: 该epoch花费时间：69.11695920000011
2023-02-11 13:33:23,864 - train.py[line:242] - INFO: Epoch 42, Loss: 0.13567401468753815, Accuracy: 95.5192642211914, Test Loss: 0.5756734609603882, Test Accuracy: 85.03787994384766
2023-02-11 13:34:33,179 - train.py[line:222] - INFO: 该epoch花费时间：69.06077129999994
2023-02-11 13:34:35,848 - train.py[line:242] - INFO: Epoch 43, Loss: 0.13019739091396332, Accuracy: 96.04271697998047, Test Loss: 0.7595741748809814, Test Accuracy: 83.14393615722656
2023-02-11 13:35:45,677 - train.py[line:222] - INFO: 该epoch花费时间：69.47879450000028
2023-02-11 13:35:48,112 - train.py[line:242] - INFO: Epoch 44, Loss: 0.12085217982530594, Accuracy: 96.14740753173828, Test Loss: 0.559649646282196, Test Accuracy: 85.41667175292969
2023-02-11 13:36:57,510 - train.py[line:222] - INFO: 该epoch花费时间：69.14039270000012
2023-02-11 13:37:00,160 - train.py[line:242] - INFO: Epoch 45, Loss: 0.12128986418247223, Accuracy: 95.9589614868164, Test Loss: 0.5531894564628601, Test Accuracy: 86.55303192138672
2023-02-11 13:38:09,751 - train.py[line:222] - INFO: 该epoch花费时间：69.24634359999982
2023-02-11 13:38:12,295 - train.py[line:242] - INFO: Epoch 46, Loss: 0.10056115686893463, Accuracy: 96.58710479736328, Test Loss: 0.5560599565505981, Test Accuracy: 85.03787994384766
2023-02-11 13:39:21,712 - train.py[line:222] - INFO: 该epoch花费时间：69.16246049999972
2023-02-11 13:39:24,231 - train.py[line:242] - INFO: Epoch 47, Loss: 0.10157041996717453, Accuracy: 96.96398162841797, Test Loss: 0.6797590255737305, Test Accuracy: 83.5227279663086
2023-02-11 13:40:33,669 - train.py[line:222] - INFO: 该epoch花费时间：69.17240029999994
2023-02-11 13:40:36,223 - train.py[line:242] - INFO: Epoch 48, Loss: 0.10305752605199814, Accuracy: 96.77554321289062, Test Loss: 0.7131968140602112, Test Accuracy: 85.2272720336914
2023-02-11 13:41:45,730 - train.py[line:222] - INFO: 该epoch花费时间：69.25060029999986
2023-02-11 13:41:48,223 - train.py[line:242] - INFO: Epoch 49, Loss: 0.11167768388986588, Accuracy: 96.50334930419922, Test Loss: 0.47053951025009155, Test Accuracy: 89.01515197753906
2023-02-11 13:42:57,551 - train.py[line:222] - INFO: 该epoch花费时间：69.07108040000003
2023-02-11 13:43:00,058 - train.py[line:242] - INFO: Epoch 50, Loss: 0.09815936535596848, Accuracy: 97.06867980957031, Test Loss: 0.6227768659591675, Test Accuracy: 85.79545593261719
2023-02-11 13:43:00,327 - train.py[line:245] - INFO: 训练结束!
