2023-02-10 23:21:07,130 - train.py[line:55] - INFO: 训练开始!
2023-02-10 23:21:07,185 - train.py[line:103] - INFO: using 4777 images for training, 528 images for validation.
2023-02-10 23:24:02,288 - train.py[line:212] - INFO: 该epoch花费时间：170.0272212
2023-02-10 23:24:08,352 - train.py[line:232] - INFO: Epoch 1, Loss: 0.4769941568374634, Accuracy: 84.71524047851562, Test Loss: 0.13900509476661682, Test Accuracy: 95.26515197753906
2023-02-10 23:26:53,510 - train.py[line:212] - INFO: 该epoch花费时间：164.82087980000003
2023-02-10 23:26:58,695 - train.py[line:232] - INFO: Epoch 2, Loss: 0.13883720338344574, Accuracy: 95.8124008178711, Test Loss: 0.07611604034900665, Test Accuracy: 97.7272720336914
2023-02-10 23:29:43,768 - train.py[line:212] - INFO: 该epoch花费时间：164.0322369
2023-02-10 23:29:48,966 - train.py[line:232] - INFO: Epoch 3, Loss: 0.06709709763526917, Accuracy: 98.15745544433594, Test Loss: 0.07547963410615921, Test Accuracy: 97.91667175292969
2023-02-10 23:32:33,480 - train.py[line:212] - INFO: 该epoch花费时间：164.1641615000001
2023-02-10 23:32:38,720 - train.py[line:232] - INFO: Epoch 4, Loss: 0.037115614861249924, Accuracy: 99.1624755859375, Test Loss: 0.0776820108294487, Test Accuracy: 97.7272720336914
2023-02-10 23:35:24,585 - train.py[line:212] - INFO: 该epoch花费时间：165.5227645
2023-02-10 23:35:29,820 - train.py[line:232] - INFO: Epoch 5, Loss: 0.029373932629823685, Accuracy: 99.26716613769531, Test Loss: 0.05779271945357323, Test Accuracy: 98.67424011230469
2023-02-10 23:38:15,898 - train.py[line:212] - INFO: 该epoch花费时间：165.15711470000008
2023-02-10 23:38:21,108 - train.py[line:232] - INFO: Epoch 6, Loss: 0.013891416601836681, Accuracy: 99.74874114990234, Test Loss: 0.07160063087940216, Test Accuracy: 97.91667175292969
2023-02-10 23:41:06,121 - train.py[line:212] - INFO: 该epoch花费时间：164.65399809999985
2023-02-10 23:41:11,299 - train.py[line:232] - INFO: Epoch 7, Loss: 0.010929256677627563, Accuracy: 99.79061889648438, Test Loss: 0.07238878309726715, Test Accuracy: 98.10606384277344
2023-02-10 23:43:56,277 - train.py[line:212] - INFO: 该epoch花费时间：164.68984750000004
2023-02-10 23:44:01,562 - train.py[line:232] - INFO: Epoch 8, Loss: 0.01636837050318718, Accuracy: 99.560302734375, Test Loss: 0.07253611087799072, Test Accuracy: 97.91667175292969
2023-02-10 23:46:48,167 - train.py[line:212] - INFO: 该epoch花费时间：166.31656840000005
2023-02-10 23:46:53,424 - train.py[line:232] - INFO: Epoch 9, Loss: 0.011229806579649448, Accuracy: 99.76968383789062, Test Loss: 0.0925324335694313, Test Accuracy: 97.53787994384766
2023-02-10 23:49:39,039 - train.py[line:212] - INFO: 该epoch花费时间：165.32215530000008
2023-02-10 23:49:44,335 - train.py[line:232] - INFO: Epoch 10, Loss: 0.01252333540469408, Accuracy: 99.66499328613281, Test Loss: 0.07658027857542038, Test Accuracy: 98.48484802246094
2023-02-10 23:52:30,781 - train.py[line:212] - INFO: 该epoch花费时间：166.16362149999986
2023-02-10 23:52:36,517 - train.py[line:232] - INFO: Epoch 11, Loss: 0.009311064146459103, Accuracy: 99.87437438964844, Test Loss: 0.0968364030122757, Test Accuracy: 97.53787994384766
2023-02-10 23:55:24,317 - train.py[line:212] - INFO: 该epoch花费时间：167.14369499999998
2023-02-10 23:55:29,613 - train.py[line:232] - INFO: Epoch 12, Loss: 0.005728898104280233, Accuracy: 99.89530944824219, Test Loss: 0.09422476589679718, Test Accuracy: 97.91667175292969
2023-02-10 23:58:17,027 - train.py[line:212] - INFO: 该epoch花费时间：167.1093880000003
2023-02-10 23:58:22,327 - train.py[line:232] - INFO: Epoch 13, Loss: 0.008164745755493641, Accuracy: 99.8324966430664, Test Loss: 0.08307188004255295, Test Accuracy: 97.91667175292969
2023-02-11 00:01:08,933 - train.py[line:212] - INFO: 该epoch花费时间：166.3197798000001
2023-02-11 00:01:14,162 - train.py[line:232] - INFO: Epoch 14, Loss: 0.006145595572888851, Accuracy: 99.87437438964844, Test Loss: 0.08070727437734604, Test Accuracy: 97.91667175292969
2023-02-11 00:03:59,611 - train.py[line:212] - INFO: 该epoch花费时间：165.17187749999994
2023-02-11 00:04:04,929 - train.py[line:232] - INFO: Epoch 15, Loss: 0.005403680261224508, Accuracy: 99.87437438964844, Test Loss: 0.0761575847864151, Test Accuracy: 97.91667175292969
2023-02-11 00:06:51,065 - train.py[line:212] - INFO: 该epoch花费时间：165.50848019999967
2023-02-11 00:06:56,274 - train.py[line:232] - INFO: Epoch 16, Loss: 0.00436438387259841, Accuracy: 99.93718719482422, Test Loss: 0.08476685732603073, Test Accuracy: 97.91667175292969
2023-02-11 00:09:41,566 - train.py[line:212] - INFO: 该epoch花费时间：164.9573548999997
2023-02-11 00:09:46,758 - train.py[line:232] - INFO: Epoch 17, Loss: 0.0030447691679000854, Accuracy: 99.97905731201172, Test Loss: 0.07777369022369385, Test Accuracy: 97.91667175292969
2023-02-11 00:12:32,457 - train.py[line:212] - INFO: 该epoch花费时间：165.40025860000014
2023-02-11 00:12:37,681 - train.py[line:232] - INFO: Epoch 18, Loss: 0.0023802469950169325, Accuracy: 99.97905731201172, Test Loss: 0.0727381631731987, Test Accuracy: 97.91667175292969
2023-02-11 00:15:23,780 - train.py[line:212] - INFO: 该epoch花费时间：165.57539310000038
2023-02-11 00:15:29,042 - train.py[line:232] - INFO: Epoch 19, Loss: 0.0022379138972610235, Accuracy: 100.0, Test Loss: 0.06786886602640152, Test Accuracy: 97.91667175292969
2023-02-11 00:18:15,156 - train.py[line:212] - INFO: 该epoch花费时间：165.8150267000001
2023-02-11 00:18:20,427 - train.py[line:232] - INFO: Epoch 20, Loss: 0.0018708789721131325, Accuracy: 100.0, Test Loss: 0.08267608284950256, Test Accuracy: 97.53787994384766
2023-02-11 00:21:07,913 - train.py[line:212] - INFO: 该epoch花费时间：167.18306749999965
2023-02-11 00:21:12,952 - train.py[line:232] - INFO: Epoch 21, Loss: 0.0024450095370411873, Accuracy: 99.97905731201172, Test Loss: 0.09286893159151077, Test Accuracy: 97.3484878540039
2023-02-11 00:23:59,027 - train.py[line:212] - INFO: 该epoch花费时间：165.78562409999995
2023-02-11 00:24:04,368 - train.py[line:232] - INFO: Epoch 22, Loss: 0.0015787682496011257, Accuracy: 100.0, Test Loss: 0.07121039181947708, Test Accuracy: 98.10606384277344
2023-02-11 00:26:50,454 - train.py[line:212] - INFO: 该epoch花费时间：165.73423019999973
2023-02-11 00:26:55,744 - train.py[line:232] - INFO: Epoch 23, Loss: 0.004064536187797785, Accuracy: 99.87437438964844, Test Loss: 0.10089587420225143, Test Accuracy: 97.15909576416016
2023-02-11 00:29:42,510 - train.py[line:212] - INFO: 该epoch花费时间：166.3612065999996
2023-02-11 00:29:47,790 - train.py[line:232] - INFO: Epoch 24, Loss: 0.004993746057152748, Accuracy: 99.87437438964844, Test Loss: 0.09473098814487457, Test Accuracy: 97.3484878540039
2023-02-11 00:32:34,281 - train.py[line:212] - INFO: 该epoch花费时间：166.15548500000023
2023-02-11 00:32:39,634 - train.py[line:232] - INFO: Epoch 25, Loss: 0.003340011229738593, Accuracy: 99.95812225341797, Test Loss: 0.07874184846878052, Test Accuracy: 98.10606384277344
2023-02-11 00:35:25,942 - train.py[line:212] - INFO: 该epoch花费时间：165.86085570000068
2023-02-11 00:35:31,805 - train.py[line:232] - INFO: Epoch 26, Loss: 0.0020966525189578533, Accuracy: 99.95812225341797, Test Loss: 0.07360153645277023, Test Accuracy: 98.10606384277344
2023-02-11 00:38:18,712 - train.py[line:212] - INFO: 该epoch花费时间：166.23087060000034
2023-02-11 00:38:23,981 - train.py[line:232] - INFO: Epoch 27, Loss: 0.0022054212167859077, Accuracy: 99.95812225341797, Test Loss: 0.07045970857143402, Test Accuracy: 98.29545593261719
2023-02-11 00:41:11,670 - train.py[line:212] - INFO: 该epoch花费时间：166.7587426
2023-02-11 00:41:16,965 - train.py[line:232] - INFO: Epoch 28, Loss: 0.002143899677321315, Accuracy: 99.97905731201172, Test Loss: 0.064670629799366, Test Accuracy: 98.48484802246094
2023-02-11 00:44:05,620 - train.py[line:212] - INFO: 该epoch花费时间：166.43006089999926
2023-02-11 00:44:10,958 - train.py[line:232] - INFO: Epoch 29, Loss: 0.0027364168781787157, Accuracy: 99.95812225341797, Test Loss: 0.09594295918941498, Test Accuracy: 98.10606384277344
2023-02-11 00:46:58,085 - train.py[line:212] - INFO: 该epoch花费时间：166.3683291999996
2023-02-11 00:47:03,222 - train.py[line:232] - INFO: Epoch 30, Loss: 0.001966638257727027, Accuracy: 99.95812225341797, Test Loss: 0.09424559026956558, Test Accuracy: 97.91667175292969
2023-02-11 00:49:50,100 - train.py[line:212] - INFO: 该epoch花费时间：166.53608429999986
2023-02-11 00:49:55,378 - train.py[line:232] - INFO: Epoch 31, Loss: 0.0011955918744206429, Accuracy: 100.0, Test Loss: 0.08298903703689575, Test Accuracy: 98.10606384277344
2023-02-11 00:52:42,409 - train.py[line:212] - INFO: 该epoch花费时间：166.73494440000013
2023-02-11 00:52:47,782 - train.py[line:232] - INFO: Epoch 32, Loss: 0.0025977320037782192, Accuracy: 99.97905731201172, Test Loss: 0.08845607936382294, Test Accuracy: 98.10606384277344
2023-02-11 00:55:34,987 - train.py[line:212] - INFO: 该epoch花费时间：166.80667770000036
2023-02-11 00:55:40,241 - train.py[line:232] - INFO: Epoch 33, Loss: 0.0008094871300272644, Accuracy: 100.0, Test Loss: 0.08154213428497314, Test Accuracy: 97.91667175292969
2023-02-11 00:58:26,140 - train.py[line:212] - INFO: 该epoch花费时间：165.61429989999942
2023-02-11 00:58:31,833 - train.py[line:232] - INFO: Epoch 34, Loss: 0.0013828974915668368, Accuracy: 99.97905731201172, Test Loss: 0.08081279695034027, Test Accuracy: 98.29545593261719
2023-02-11 01:01:19,911 - train.py[line:212] - INFO: 该epoch花费时间：166.02138980000018
2023-02-11 01:01:25,112 - train.py[line:232] - INFO: Epoch 35, Loss: 0.0015173008432611823, Accuracy: 99.95812225341797, Test Loss: 0.07780355960130692, Test Accuracy: 98.29545593261719
2023-02-11 01:04:11,237 - train.py[line:212] - INFO: 该epoch花费时间：165.8506510999996
2023-02-11 01:04:16,517 - train.py[line:232] - INFO: Epoch 36, Loss: 0.0018471862422302365, Accuracy: 99.95812225341797, Test Loss: 0.07859116792678833, Test Accuracy: 98.29545593261719
2023-02-11 01:07:03,569 - train.py[line:212] - INFO: 该epoch花费时间：166.76213469999948
2023-02-11 01:07:08,865 - train.py[line:232] - INFO: Epoch 37, Loss: 0.0007431528065353632, Accuracy: 100.0, Test Loss: 0.0779336467385292, Test Accuracy: 98.10606384277344
2023-02-11 01:09:55,779 - train.py[line:212] - INFO: 该epoch花费时间：166.36630289999994
2023-02-11 01:10:01,098 - train.py[line:232] - INFO: Epoch 38, Loss: 0.002227810909971595, Accuracy: 99.91625213623047, Test Loss: 0.08939439803361893, Test Accuracy: 98.10606384277344
2023-02-11 01:12:47,957 - train.py[line:212] - INFO: 该epoch花费时间：166.57379039999978
2023-02-11 01:12:53,215 - train.py[line:232] - INFO: Epoch 39, Loss: 0.0008312101708725095, Accuracy: 100.0, Test Loss: 0.07312995195388794, Test Accuracy: 98.10606384277344
2023-02-11 01:15:39,140 - train.py[line:212] - INFO: 该epoch花费时间：165.58372340000005
2023-02-11 01:15:44,406 - train.py[line:232] - INFO: Epoch 40, Loss: 0.001360030728392303, Accuracy: 99.97905731201172, Test Loss: 0.08235428482294083, Test Accuracy: 97.53787994384766
2023-02-11 01:18:30,286 - train.py[line:212] - INFO: 该epoch花费时间：165.57397020000008
2023-02-11 01:18:35,342 - train.py[line:232] - INFO: Epoch 41, Loss: 0.0012369307223707438, Accuracy: 99.97905731201172, Test Loss: 0.09324904531240463, Test Accuracy: 97.91667175292969
2023-02-11 01:21:21,259 - train.py[line:212] - INFO: 该epoch花费时间：165.64537480000035
2023-02-11 01:21:26,542 - train.py[line:232] - INFO: Epoch 42, Loss: 0.0014902726979926229, Accuracy: 99.97905731201172, Test Loss: 0.08646054565906525, Test Accuracy: 97.91667175292969
2023-02-11 01:24:12,457 - train.py[line:212] - INFO: 该epoch花费时间：165.6191943999993
2023-02-11 01:24:17,701 - train.py[line:232] - INFO: Epoch 43, Loss: 0.001166648231446743, Accuracy: 99.95812225341797, Test Loss: 0.10528156161308289, Test Accuracy: 97.53787994384766
2023-02-11 01:27:04,355 - train.py[line:212] - INFO: 该epoch花费时间：166.35636419999992
2023-02-11 01:27:09,593 - train.py[line:232] - INFO: Epoch 44, Loss: 0.00048539231647737324, Accuracy: 100.0, Test Loss: 0.09603431820869446, Test Accuracy: 97.91667175292969
2023-02-11 01:29:56,334 - train.py[line:212] - INFO: 该epoch花费时间：165.6662684999992
2023-02-11 01:30:01,720 - train.py[line:232] - INFO: Epoch 45, Loss: 0.0003910076047759503, Accuracy: 100.0, Test Loss: 0.08296360820531845, Test Accuracy: 98.29545593261719
2023-02-11 01:32:48,318 - train.py[line:212] - INFO: 该epoch花费时间：166.2881811999996
2023-02-11 01:32:53,993 - train.py[line:232] - INFO: Epoch 46, Loss: 0.00046040693996474147, Accuracy: 100.0, Test Loss: 0.08296229690313339, Test Accuracy: 98.29545593261719
2023-02-11 01:35:40,419 - train.py[line:212] - INFO: 该epoch花费时间：166.09471550000035
2023-02-11 01:35:45,746 - train.py[line:232] - INFO: Epoch 47, Loss: 0.00034205615520477295, Accuracy: 100.0, Test Loss: 0.08802478015422821, Test Accuracy: 98.10606384277344
2023-02-11 01:38:32,262 - train.py[line:212] - INFO: 该epoch花费时间：166.14325179999923
2023-02-11 01:38:37,597 - train.py[line:232] - INFO: Epoch 48, Loss: 0.0018455494428053498, Accuracy: 99.97905731201172, Test Loss: 0.08866020292043686, Test Accuracy: 98.29545593261719
2023-02-11 01:41:23,754 - train.py[line:212] - INFO: 该epoch花费时间：165.79497120000087
2023-02-11 01:41:29,098 - train.py[line:232] - INFO: Epoch 49, Loss: 0.0008559909765608609, Accuracy: 99.97905731201172, Test Loss: 0.08426845073699951, Test Accuracy: 98.48484802246094
2023-02-11 01:44:16,406 - train.py[line:212] - INFO: 该epoch花费时间：166.27748630000133
2023-02-11 01:44:21,647 - train.py[line:232] - INFO: Epoch 50, Loss: 0.0005617727874778211, Accuracy: 100.0, Test Loss: 0.0745847225189209, Test Accuracy: 98.29545593261719
2023-02-11 01:44:22,008 - train.py[line:235] - INFO: 训练结束!
