2023-02-11 14:26:53,699 - train.py[line:59] - INFO: 训练开始!
2023-02-11 14:26:53,764 - train.py[line:107] - INFO: using 4777 images for training, 528 images for validation.
2023-02-11 14:27:48,703 - train.py[line:229] - INFO: 该epoch花费时间：51.272921499999995
2023-02-11 14:27:55,003 - train.py[line:249] - INFO: Epoch 1, Loss: 2.0302295684814453, Accuracy: 22.717756271362305, Test Loss: 2.8353805541992188, Test Accuracy: 30.113637924194336
2023-02-11 14:28:32,851 - train.py[line:229] - INFO: 该epoch花费时间：37.5659661
2023-02-11 14:28:35,555 - train.py[line:249] - INFO: Epoch 2, Loss: 1.879611849784851, Accuracy: 30.737018585205078, Test Loss: 4.040884494781494, Test Accuracy: 36.3636360168457
2023-02-11 14:29:12,629 - train.py[line:229] - INFO: 该epoch花费时间：36.61872030000001
2023-02-11 14:29:14,916 - train.py[line:249] - INFO: Epoch 3, Loss: 1.7586870193481445, Accuracy: 36.180904388427734, Test Loss: 2.239406108856201, Test Accuracy: 42.04545211791992
2023-02-11 14:29:48,807 - train.py[line:229] - INFO: 该epoch花费时间：33.60111549999999
2023-02-11 14:29:51,005 - train.py[line:249] - INFO: Epoch 4, Loss: 1.6256741285324097, Accuracy: 42.10636520385742, Test Loss: 2.7064101696014404, Test Accuracy: 40.719696044921875
2023-02-11 14:30:24,810 - train.py[line:229] - INFO: 该epoch花费时间：33.58461940000001
2023-02-11 14:30:27,011 - train.py[line:249] - INFO: Epoch 5, Loss: 1.5320526361465454, Accuracy: 45.477386474609375, Test Loss: 2.3891091346740723, Test Accuracy: 48.8636360168457
2023-02-11 14:31:01,779 - train.py[line:229] - INFO: 该epoch花费时间：34.55620399999998
2023-02-11 14:31:03,841 - train.py[line:249] - INFO: Epoch 6, Loss: 1.412980079650879, Accuracy: 51.298160552978516, Test Loss: 1.6627098321914673, Test Accuracy: 58.52272415161133
2023-02-11 14:31:38,004 - train.py[line:229] - INFO: 该epoch花费时间：33.95464770000001
2023-02-11 14:31:40,289 - train.py[line:249] - INFO: Epoch 7, Loss: 1.3408105373382568, Accuracy: 53.55946350097656, Test Loss: 1.4180995225906372, Test Accuracy: 62.5
2023-02-11 14:32:18,656 - train.py[line:229] - INFO: 该epoch花费时间：38.0849796
2023-02-11 14:32:21,475 - train.py[line:249] - INFO: Epoch 8, Loss: 1.2624146938323975, Accuracy: 57.516746520996094, Test Loss: 1.2059439420700073, Test Accuracy: 64.01515197753906
2023-02-11 14:32:59,937 - train.py[line:229] - INFO: 该epoch花费时间：38.139920399999994
2023-02-11 14:33:02,362 - train.py[line:249] - INFO: Epoch 9, Loss: 1.167630672454834, Accuracy: 60.7830810546875, Test Loss: 0.997668981552124, Test Accuracy: 69.69696807861328
2023-02-11 14:33:39,505 - train.py[line:229] - INFO: 该epoch花费时间：36.93899000000005
2023-02-11 14:33:42,241 - train.py[line:249] - INFO: Epoch 10, Loss: 1.1368063688278198, Accuracy: 60.762142181396484, Test Loss: 1.3084462881088257, Test Accuracy: 66.0984878540039
2023-02-11 14:34:20,529 - train.py[line:229] - INFO: 该epoch花费时间：37.83965420000004
2023-02-11 14:34:22,758 - train.py[line:249] - INFO: Epoch 11, Loss: 1.0539658069610596, Accuracy: 65.51507568359375, Test Loss: 1.064961552619934, Test Accuracy: 66.28787994384766
2023-02-11 14:34:58,724 - train.py[line:229] - INFO: 该epoch花费时间：35.696397700000034
2023-02-11 14:35:01,045 - train.py[line:249] - INFO: Epoch 12, Loss: 0.9798212647438049, Accuracy: 67.83919525146484, Test Loss: 0.9729629158973694, Test Accuracy: 73.29545593261719
2023-02-11 14:35:35,242 - train.py[line:229] - INFO: 该epoch花费时间：33.91240830000004
2023-02-11 14:35:37,437 - train.py[line:249] - INFO: Epoch 13, Loss: 0.9344394207000732, Accuracy: 68.65577697753906, Test Loss: 0.9993791580200195, Test Accuracy: 74.43181610107422
2023-02-11 14:36:11,798 - train.py[line:229] - INFO: 该epoch花费时间：34.14569449999999
2023-02-11 14:36:13,925 - train.py[line:249] - INFO: Epoch 14, Loss: 0.8752695918083191, Accuracy: 71.31491088867188, Test Loss: 0.7295057773590088, Test Accuracy: 77.84090423583984
2023-02-11 14:37:00,180 - train.py[line:229] - INFO: 该epoch花费时间：46.030919100000006
2023-02-11 14:37:04,066 - train.py[line:249] - INFO: Epoch 15, Loss: 0.8373355865478516, Accuracy: 72.31993103027344, Test Loss: 0.7927669882774353, Test Accuracy: 74.43181610107422
2023-02-11 14:37:45,329 - train.py[line:229] - INFO: 该epoch花费时间：40.881021799999985
2023-02-11 14:37:47,807 - train.py[line:249] - INFO: Epoch 16, Loss: 0.7551078796386719, Accuracy: 75.18843841552734, Test Loss: 0.6527894139289856, Test Accuracy: 79.35606384277344
2023-02-11 14:38:24,252 - train.py[line:229] - INFO: 该epoch花费时间：36.21035840000002
2023-02-11 14:38:28,471 - train.py[line:249] - INFO: Epoch 17, Loss: 0.7349907159805298, Accuracy: 76.46566009521484, Test Loss: 0.6882374286651611, Test Accuracy: 78.5984878540039
2023-02-11 14:39:14,621 - train.py[line:229] - INFO: 该epoch花费时间：45.421055900000056
2023-02-11 14:39:17,526 - train.py[line:249] - INFO: Epoch 18, Loss: 0.6590040326118469, Accuracy: 78.99916076660156, Test Loss: 0.7747172713279724, Test Accuracy: 75.75757598876953
2023-02-11 14:39:58,448 - train.py[line:229] - INFO: 该epoch花费时间：40.620670299999915
2023-02-11 14:40:00,678 - train.py[line:249] - INFO: Epoch 19, Loss: 0.6299958825111389, Accuracy: 79.1457290649414, Test Loss: 0.6853686571121216, Test Accuracy: 78.78787994384766
2023-02-11 14:40:43,254 - train.py[line:229] - INFO: 该epoch花费时间：42.35229000000004
2023-02-11 14:40:46,181 - train.py[line:249] - INFO: Epoch 20, Loss: 0.5941558480262756, Accuracy: 81.23953247070312, Test Loss: 0.6850640177726746, Test Accuracy: 76.89393615722656
2023-02-11 14:41:27,852 - train.py[line:229] - INFO: 该epoch花费时间：41.010089499999935
2023-02-11 14:41:30,527 - train.py[line:249] - INFO: Epoch 21, Loss: 0.5695382356643677, Accuracy: 81.78392028808594, Test Loss: 0.6196180582046509, Test Accuracy: 79.73484802246094
2023-02-11 14:42:10,784 - train.py[line:229] - INFO: 该epoch花费时间：39.904526600000054
2023-02-11 14:42:13,676 - train.py[line:249] - INFO: Epoch 22, Loss: 0.5507979393005371, Accuracy: 82.93550872802734, Test Loss: 0.727186918258667, Test Accuracy: 78.78787994384766
2023-02-11 14:42:57,699 - train.py[line:229] - INFO: 该epoch花费时间：43.73888959999999
2023-02-11 14:43:00,400 - train.py[line:249] - INFO: Epoch 23, Loss: 0.4906926453113556, Accuracy: 83.98241424560547, Test Loss: 0.5908253788948059, Test Accuracy: 79.54545593261719
2023-02-11 14:43:44,414 - train.py[line:229] - INFO: 该epoch花费时间：43.73426119999999
2023-02-11 14:43:46,864 - train.py[line:249] - INFO: Epoch 24, Loss: 0.4668908417224884, Accuracy: 84.69430541992188, Test Loss: 0.5051962733268738, Test Accuracy: 84.28030395507812
2023-02-11 14:44:25,785 - train.py[line:229] - INFO: 该epoch花费时间：38.60195590000001
2023-02-11 14:44:29,011 - train.py[line:249] - INFO: Epoch 25, Loss: 0.43204623460769653, Accuracy: 86.64154052734375, Test Loss: 0.5160928964614868, Test Accuracy: 84.09090423583984
2023-02-11 14:45:28,367 - train.py[line:229] - INFO: 该epoch花费时间：58.93733659999998
2023-02-11 14:45:31,682 - train.py[line:249] - INFO: Epoch 26, Loss: 0.4017629623413086, Accuracy: 86.82998657226562, Test Loss: 0.5210371017456055, Test Accuracy: 83.33332824707031
2023-02-11 14:46:19,494 - train.py[line:229] - INFO: 该epoch花费时间：47.43748770000002
2023-02-11 14:46:22,254 - train.py[line:249] - INFO: Epoch 27, Loss: 0.38025492429733276, Accuracy: 87.81407165527344, Test Loss: 0.5874738693237305, Test Accuracy: 82.57575988769531
2023-02-11 14:47:01,911 - train.py[line:229] - INFO: 该epoch花费时间：39.33425310000007
2023-02-11 14:47:04,675 - train.py[line:249] - INFO: Epoch 28, Loss: 0.3721623122692108, Accuracy: 87.6675033569336, Test Loss: 0.5827340483665466, Test Accuracy: 83.14393615722656
2023-02-11 14:47:49,043 - train.py[line:229] - INFO: 该epoch花费时间：44.07862020000016
2023-02-11 14:47:52,857 - train.py[line:249] - INFO: Epoch 29, Loss: 0.33982130885124207, Accuracy: 89.44723510742188, Test Loss: 0.491205632686615, Test Accuracy: 84.65909576416016
2023-02-11 14:48:46,181 - train.py[line:229] - INFO: 该epoch花费时间：52.9726326
2023-02-11 14:48:49,089 - train.py[line:249] - INFO: Epoch 30, Loss: 0.3355245590209961, Accuracy: 89.80318450927734, Test Loss: 0.5074847936630249, Test Accuracy: 83.9015121459961
2023-02-11 14:49:35,615 - train.py[line:229] - INFO: 该epoch花费时间：46.149355000000014
2023-02-11 14:49:38,974 - train.py[line:249] - INFO: Epoch 31, Loss: 0.3003688156604767, Accuracy: 90.51507568359375, Test Loss: 0.48055341839790344, Test Accuracy: 85.98484802246094
2023-02-11 14:50:35,669 - train.py[line:229] - INFO: 该epoch花费时间：56.2715889000001
2023-02-11 14:50:38,206 - train.py[line:249] - INFO: Epoch 32, Loss: 0.2967507541179657, Accuracy: 90.7663345336914, Test Loss: 0.5122097134590149, Test Accuracy: 85.2272720336914
2023-02-11 14:51:14,021 - train.py[line:229] - INFO: 该epoch花费时间：35.57404550000001
2023-02-11 14:51:16,337 - train.py[line:249] - INFO: Epoch 33, Loss: 0.2820141017436981, Accuracy: 91.03852844238281, Test Loss: 0.370113730430603, Test Accuracy: 87.68939208984375
2023-02-11 14:52:06,245 - train.py[line:229] - INFO: 该epoch花费时间：49.68077280000011
2023-02-11 14:52:09,808 - train.py[line:249] - INFO: Epoch 34, Loss: 0.25841546058654785, Accuracy: 91.72947692871094, Test Loss: 0.5452351570129395, Test Accuracy: 84.28030395507812
2023-02-11 14:53:13,129 - train.py[line:229] - INFO: 该epoch花费时间：62.82921509999983
2023-02-11 14:53:17,010 - train.py[line:249] - INFO: Epoch 35, Loss: 0.2773098945617676, Accuracy: 91.1013412475586, Test Loss: 0.4914267659187317, Test Accuracy: 85.60606384277344
2023-02-11 14:53:56,593 - train.py[line:229] - INFO: 该epoch花费时间：38.98282789999985
2023-02-11 14:53:59,018 - train.py[line:249] - INFO: Epoch 36, Loss: 0.2336331009864807, Accuracy: 92.67169189453125, Test Loss: 0.4741728901863098, Test Accuracy: 86.93181610107422
2023-02-11 14:54:38,622 - train.py[line:229] - INFO: 该epoch花费时间：39.237934100000075
2023-02-11 14:54:41,270 - train.py[line:249] - INFO: Epoch 37, Loss: 0.20868517458438873, Accuracy: 93.27890014648438, Test Loss: 0.5903450846672058, Test Accuracy: 81.6287841796875
2023-02-11 14:55:25,369 - train.py[line:229] - INFO: 该epoch花费时间：43.84239899999989
2023-02-11 14:55:28,244 - train.py[line:249] - INFO: Epoch 38, Loss: 0.21009275317192078, Accuracy: 93.13233184814453, Test Loss: 0.49105581641197205, Test Accuracy: 84.65909576416016
2023-02-11 14:56:11,482 - train.py[line:229] - INFO: 该epoch花费时间：42.840318000000025
2023-02-11 14:56:13,935 - train.py[line:249] - INFO: Epoch 39, Loss: 0.22334274649620056, Accuracy: 93.32077026367188, Test Loss: 0.5497176647186279, Test Accuracy: 82.95454406738281
2023-02-11 14:57:02,262 - train.py[line:229] - INFO: 该epoch花费时间：48.06413939999993
2023-02-11 14:57:05,544 - train.py[line:249] - INFO: Epoch 40, Loss: 0.1760103851556778, Accuracy: 94.36766815185547, Test Loss: 0.5453969836235046, Test Accuracy: 84.28030395507812
2023-02-11 14:57:54,220 - train.py[line:229] - INFO: 该epoch花费时间：48.188123700000006
2023-02-11 14:57:56,694 - train.py[line:249] - INFO: Epoch 41, Loss: 0.20146355032920837, Accuracy: 94.26298522949219, Test Loss: 0.6315693855285645, Test Accuracy: 82.00757598876953
2023-02-11 14:58:39,773 - train.py[line:229] - INFO: 该epoch花费时间：42.78629240000009
2023-02-11 14:58:42,257 - train.py[line:249] - INFO: Epoch 42, Loss: 0.18140989542007446, Accuracy: 94.74456024169922, Test Loss: 0.5131914615631104, Test Accuracy: 84.09090423583984
2023-02-11 14:59:22,904 - train.py[line:229] - INFO: 该epoch花费时间：40.37899379999999
2023-02-11 14:59:26,197 - train.py[line:249] - INFO: Epoch 43, Loss: 0.18489505350589752, Accuracy: 94.30486297607422, Test Loss: 0.5498877763748169, Test Accuracy: 83.14393615722656
2023-02-11 15:00:08,448 - train.py[line:229] - INFO: 该epoch花费时间：41.95046260000004
2023-02-11 15:00:10,920 - train.py[line:249] - INFO: Epoch 44, Loss: 0.18536151945590973, Accuracy: 94.49330139160156, Test Loss: 0.5109943747520447, Test Accuracy: 85.2272720336914
2023-02-11 15:00:47,282 - train.py[line:229] - INFO: 该epoch花费时间：36.08257609999987
2023-02-11 15:00:49,565 - train.py[line:249] - INFO: Epoch 45, Loss: 0.15829826891422272, Accuracy: 95.12144470214844, Test Loss: 0.5005799531936646, Test Accuracy: 87.1212158203125
2023-02-11 15:01:25,751 - train.py[line:229] - INFO: 该epoch花费时间：35.93378719999987
2023-02-11 15:01:28,096 - train.py[line:249] - INFO: Epoch 46, Loss: 0.14991450309753418, Accuracy: 95.8124008178711, Test Loss: 0.5447817444801331, Test Accuracy: 84.28030395507812
2023-02-11 15:02:13,142 - train.py[line:229] - INFO: 该epoch花费时间：44.77938249999988
2023-02-11 15:02:16,661 - train.py[line:249] - INFO: Epoch 47, Loss: 0.15742307901382446, Accuracy: 95.66583251953125, Test Loss: 0.47743356227874756, Test Accuracy: 85.79545593261719
2023-02-11 15:02:59,963 - train.py[line:229] - INFO: 该epoch花费时间：43.00108479999972
2023-02-11 15:03:02,233 - train.py[line:249] - INFO: Epoch 48, Loss: 0.12534616887569427, Accuracy: 96.04271697998047, Test Loss: 0.523087739944458, Test Accuracy: 85.79545593261719
2023-02-11 15:03:46,314 - train.py[line:229] - INFO: 该epoch花费时间：43.85507420000022
2023-02-11 15:03:49,825 - train.py[line:249] - INFO: Epoch 49, Loss: 0.14262312650680542, Accuracy: 95.66583251953125, Test Loss: 0.5651970505714417, Test Accuracy: 82.76515197753906
2023-02-11 15:04:32,175 - train.py[line:229] - INFO: 该epoch花费时间：41.53571370000009
2023-02-11 15:04:35,726 - train.py[line:249] - INFO: Epoch 50, Loss: 0.11819802969694138, Accuracy: 96.77554321289062, Test Loss: 0.5026682615280151, Test Accuracy: 85.60606384277344
2023-02-11 15:04:36,192 - train.py[line:252] - INFO: 训练结束!
