2023-02-10 15:33:55,540 - train.py[line:51] - INFO: 训练开始!
2023-02-10 15:33:55,600 - train.py[line:99] - INFO: using 4777 images for training, 528 images for validation.
2023-02-10 15:36:24,468 - train.py[line:176] - INFO: 该epoch花费时间：147.2496439
2023-02-10 15:36:29,556 - train.py[line:193] - INFO: Epoch 1, Loss: 2.1256110668182373, Accuracy: 18.624160766601562, Test Loss: 1.8832921981811523, Test Accuracy: 34.09090805053711
2023-02-10 15:38:54,246 - train.py[line:176] - INFO: 该epoch花费时间：139.84508779999996
2023-02-10 15:38:59,195 - train.py[line:193] - INFO: Epoch 2, Loss: 1.8205922842025757, Accuracy: 31.774330139160156, Test Loss: 1.6464242935180664, Test Accuracy: 36.17424392700195
2023-02-10 15:41:24,433 - train.py[line:176] - INFO: 该epoch花费时间：141.0213498
2023-02-10 15:41:29,455 - train.py[line:193] - INFO: Epoch 3, Loss: 1.6293179988861084, Accuracy: 38.98909378051758, Test Loss: 1.4794286489486694, Test Accuracy: 46.969696044921875
2023-02-10 15:43:55,007 - train.py[line:176] - INFO: 该epoch花费时间：142.2819187
2023-02-10 15:44:00,087 - train.py[line:193] - INFO: Epoch 4, Loss: 1.4888287782669067, Accuracy: 45.17617416381836, Test Loss: 1.6350129842758179, Test Accuracy: 42.80303192138672
2023-02-10 15:46:28,347 - train.py[line:176] - INFO: 该epoch花费时间：143.05259049999995
2023-02-10 15:46:33,770 - train.py[line:193] - INFO: Epoch 5, Loss: 1.4216148853302002, Accuracy: 46.77013397216797, Test Loss: 1.326682448387146, Test Accuracy: 51.1363639831543
2023-02-10 15:49:02,851 - train.py[line:176] - INFO: 该epoch花费时间：145.18865119999998
2023-02-10 15:49:08,432 - train.py[line:193] - INFO: Epoch 6, Loss: 1.3429462909698486, Accuracy: 50.44043731689453, Test Loss: 1.2215241193771362, Test Accuracy: 56.25
2023-02-10 15:51:36,799 - train.py[line:176] - INFO: 该epoch花费时间：144.75241989999995
2023-02-10 15:51:41,922 - train.py[line:193] - INFO: Epoch 7, Loss: 1.2631138563156128, Accuracy: 53.73322296142578, Test Loss: 1.2858613729476929, Test Accuracy: 55.49242401123047
2023-02-10 15:54:11,840 - train.py[line:176] - INFO: 该epoch花费时间：144.60343060000014
2023-02-10 15:54:17,322 - train.py[line:193] - INFO: Epoch 8, Loss: 1.2473738193511963, Accuracy: 54.131710052490234, Test Loss: 1.1694756746292114, Test Accuracy: 58.52272415161133
2023-02-10 15:56:47,790 - train.py[line:176] - INFO: 该epoch花费时间：144.75738520000004
2023-02-10 15:56:52,966 - train.py[line:193] - INFO: Epoch 9, Loss: 1.155602216720581, Accuracy: 58.51510238647461, Test Loss: 1.159204125404358, Test Accuracy: 57.76515197753906
2023-02-10 15:59:20,573 - train.py[line:176] - INFO: 该epoch花费时间：144.31099799999993
2023-02-10 15:59:25,737 - train.py[line:193] - INFO: Epoch 10, Loss: 1.1220788955688477, Accuracy: 59.56375503540039, Test Loss: 1.2905312776565552, Test Accuracy: 53.03030014038086
2023-02-10 16:01:55,620 - train.py[line:176] - INFO: 该epoch花费时间：144.18810729999996
2023-02-10 16:02:00,772 - train.py[line:193] - INFO: Epoch 11, Loss: 1.0473681688308716, Accuracy: 62.43708038330078, Test Loss: 1.1049025058746338, Test Accuracy: 61.17424392700195
2023-02-10 16:04:29,943 - train.py[line:176] - INFO: 该epoch花费时间：143.91454869999984
2023-02-10 16:04:35,117 - train.py[line:193] - INFO: Epoch 12, Loss: 1.0085692405700684, Accuracy: 64.1988296508789, Test Loss: 1.0239043235778809, Test Accuracy: 64.7727279663086
2023-02-10 16:07:02,819 - train.py[line:176] - INFO: 该epoch花费时间：144.39685229999986
2023-02-10 16:07:07,987 - train.py[line:193] - INFO: Epoch 13, Loss: 0.9726971387863159, Accuracy: 64.6182861328125, Test Loss: 1.0573151111602783, Test Accuracy: 63.6363639831543
2023-02-10 16:09:36,366 - train.py[line:176] - INFO: 该epoch花费时间：144.86195269999985
2023-02-10 16:09:41,770 - train.py[line:193] - INFO: Epoch 14, Loss: 0.9600815773010254, Accuracy: 65.45721435546875, Test Loss: 1.1188091039657593, Test Accuracy: 62.31060791015625
2023-02-10 16:12:10,810 - train.py[line:176] - INFO: 该epoch花费时间：145.40115630000037
2023-02-10 16:12:16,030 - train.py[line:193] - INFO: Epoch 15, Loss: 0.8994879126548767, Accuracy: 68.0998306274414, Test Loss: 1.0404071807861328, Test Accuracy: 62.5
2023-02-10 16:14:43,929 - train.py[line:176] - INFO: 该epoch花费时间：144.65049399999998
2023-02-10 16:14:49,176 - train.py[line:193] - INFO: Epoch 16, Loss: 0.8642991781234741, Accuracy: 68.60318756103516, Test Loss: 0.9786595702171326, Test Accuracy: 65.90909576416016
2023-02-10 16:17:19,327 - train.py[line:176] - INFO: 该epoch花费时间：144.3248162
2023-02-10 16:17:24,514 - train.py[line:193] - INFO: Epoch 17, Loss: 0.8203527331352234, Accuracy: 70.4488296508789, Test Loss: 0.9079294204711914, Test Accuracy: 69.1287841796875
2023-02-10 16:19:52,528 - train.py[line:176] - INFO: 该epoch花费时间：144.2387334
2023-02-10 16:19:57,790 - train.py[line:193] - INFO: Epoch 18, Loss: 0.7748782634735107, Accuracy: 72.2105712890625, Test Loss: 0.9253793954849243, Test Accuracy: 68.93939208984375
2023-02-10 16:22:25,470 - train.py[line:176] - INFO: 该epoch花费时间：144.4542160000001
2023-02-10 16:22:30,658 - train.py[line:193] - INFO: Epoch 19, Loss: 0.739531934261322, Accuracy: 73.5528564453125, Test Loss: 0.984079897403717, Test Accuracy: 69.1287841796875
2023-02-10 16:25:00,915 - train.py[line:176] - INFO: 该epoch花费时间：144.55427090000012
2023-02-10 16:25:06,328 - train.py[line:193] - INFO: Epoch 20, Loss: 0.7043939232826233, Accuracy: 75.06291961669922, Test Loss: 0.8014028668403625, Test Accuracy: 72.91667175292969
2023-02-10 16:27:37,826 - train.py[line:176] - INFO: 该epoch花费时间：145.60344619999978
2023-02-10 16:27:43,078 - train.py[line:193] - INFO: Epoch 21, Loss: 0.6713747382164001, Accuracy: 76.1325454711914, Test Loss: 0.9015381336212158, Test Accuracy: 71.78030395507812
2023-02-10 16:30:13,304 - train.py[line:176] - INFO: 该epoch花费时间：144.84728330000007
2023-02-10 16:30:18,813 - train.py[line:193] - INFO: Epoch 22, Loss: 0.6324979662895203, Accuracy: 77.95721435546875, Test Loss: 0.944724440574646, Test Accuracy: 69.1287841796875
2023-02-10 16:32:48,355 - train.py[line:176] - INFO: 该epoch花费时间：144.80653930000017
2023-02-10 16:32:53,671 - train.py[line:193] - INFO: Epoch 23, Loss: 0.5986233949661255, Accuracy: 78.62835693359375, Test Loss: 0.848288893699646, Test Accuracy: 72.3484878540039
2023-02-10 16:35:24,281 - train.py[line:176] - INFO: 该epoch花费时间：144.96206080000002
2023-02-10 16:35:29,760 - train.py[line:193] - INFO: Epoch 24, Loss: 0.5867987871170044, Accuracy: 79.19462585449219, Test Loss: 0.8735588788986206, Test Accuracy: 72.91667175292969
2023-02-10 16:37:58,322 - train.py[line:176] - INFO: 该epoch花费时间：145.04616450000003
2023-02-10 16:38:03,558 - train.py[line:193] - INFO: Epoch 25, Loss: 0.5311517119407654, Accuracy: 80.9144287109375, Test Loss: 0.7633183598518372, Test Accuracy: 77.6515121459961
2023-02-10 16:40:32,523 - train.py[line:176] - INFO: 该epoch花费时间：145.16910419999977
2023-02-10 16:40:37,736 - train.py[line:193] - INFO: Epoch 26, Loss: 0.4902167022228241, Accuracy: 83.26342010498047, Test Loss: 0.7272707223892212, Test Accuracy: 78.78787994384766
2023-02-10 16:43:07,270 - train.py[line:176] - INFO: 该epoch花费时间：144.86634549999962
2023-02-10 16:43:12,731 - train.py[line:193] - INFO: Epoch 27, Loss: 0.44628000259399414, Accuracy: 84.27013397216797, Test Loss: 0.7244913578033447, Test Accuracy: 76.13636016845703
2023-02-10 16:45:43,481 - train.py[line:176] - INFO: 该epoch花费时间：145.34189379999953
2023-02-10 16:45:49,110 - train.py[line:193] - INFO: Epoch 28, Loss: 0.42767634987831116, Accuracy: 84.98322296142578, Test Loss: 0.7959780097007751, Test Accuracy: 78.40909576416016
2023-02-10 16:48:18,672 - train.py[line:176] - INFO: 该epoch花费时间：145.59782629999972
2023-02-10 16:48:23,957 - train.py[line:193] - INFO: Epoch 29, Loss: 0.4125416576862335, Accuracy: 85.1510009765625, Test Loss: 0.7495414018630981, Test Accuracy: 78.40909576416016
2023-02-10 16:50:51,244 - train.py[line:176] - INFO: 该epoch花费时间：143.66032059999998
2023-02-10 16:50:56,550 - train.py[line:193] - INFO: Epoch 30, Loss: 0.3637734353542328, Accuracy: 86.87080383300781, Test Loss: 0.707828164100647, Test Accuracy: 79.92424011230469
2023-02-10 16:53:22,819 - train.py[line:176] - INFO: 该epoch花费时间：142.80440550000003
2023-02-10 16:53:28,123 - train.py[line:193] - INFO: Epoch 31, Loss: 0.3255927562713623, Accuracy: 88.59060668945312, Test Loss: 0.738495945930481, Test Accuracy: 78.78787994384766
2023-02-10 16:55:56,605 - train.py[line:176] - INFO: 该epoch花费时间：142.46004650000032
2023-02-10 16:56:01,847 - train.py[line:193] - INFO: Epoch 32, Loss: 0.30389195680618286, Accuracy: 89.28271484375, Test Loss: 0.7569925785064697, Test Accuracy: 78.5984878540039
2023-02-10 16:58:28,607 - train.py[line:176] - INFO: 该epoch花费时间：143.0173111999993
2023-02-10 16:58:33,865 - train.py[line:193] - INFO: Epoch 33, Loss: 0.30217739939689636, Accuracy: 89.13590240478516, Test Loss: 0.7026661038398743, Test Accuracy: 81.43939208984375
2023-02-10 17:01:01,998 - train.py[line:176] - INFO: 该epoch花费时间：142.40781160000006
2023-02-10 17:01:07,271 - train.py[line:193] - INFO: Epoch 34, Loss: 0.27186402678489685, Accuracy: 90.56208038330078, Test Loss: 0.8592618703842163, Test Accuracy: 79.35606384277344
2023-02-10 17:03:32,884 - train.py[line:176] - INFO: 该epoch花费时间：142.0432208000002
2023-02-10 17:03:37,889 - train.py[line:193] - INFO: Epoch 35, Loss: 0.2660309076309204, Accuracy: 90.47818756103516, Test Loss: 0.8879797458648682, Test Accuracy: 77.46212005615234
2023-02-10 17:06:02,839 - train.py[line:176] - INFO: 该epoch花费时间：141.40562059999957
2023-02-10 17:06:07,887 - train.py[line:193] - INFO: Epoch 36, Loss: 0.2436518371105194, Accuracy: 90.9395980834961, Test Loss: 0.737247884273529, Test Accuracy: 81.25
2023-02-10 17:08:34,262 - train.py[line:176] - INFO: 该epoch花费时间：140.96262750000005
2023-02-10 17:08:39,289 - train.py[line:193] - INFO: Epoch 37, Loss: 0.21298278868198395, Accuracy: 92.6174545288086, Test Loss: 0.6337442994117737, Test Accuracy: 83.9015121459961
2023-02-10 17:11:03,811 - train.py[line:176] - INFO: 该epoch花费时间：140.94153779999942
2023-02-10 17:11:08,828 - train.py[line:193] - INFO: Epoch 38, Loss: 0.20176804065704346, Accuracy: 92.7432861328125, Test Loss: 0.7221768498420715, Test Accuracy: 80.8712158203125
2023-02-10 17:13:33,235 - train.py[line:176] - INFO: 该epoch花费时间：140.9871745999999
2023-02-10 17:13:38,239 - train.py[line:193] - INFO: Epoch 39, Loss: 0.20657218992710114, Accuracy: 92.7223129272461, Test Loss: 0.7429178953170776, Test Accuracy: 80.30303192138672
2023-02-10 17:16:04,280 - train.py[line:176] - INFO: 该epoch花费时间：140.6778819000001
2023-02-10 17:16:09,327 - train.py[line:193] - INFO: Epoch 40, Loss: 0.20326170325279236, Accuracy: 92.9739990234375, Test Loss: 0.674720048904419, Test Accuracy: 82.57575988769531
2023-02-10 17:18:35,153 - train.py[line:176] - INFO: 该epoch花费时间：140.70813500000077
2023-02-10 17:18:40,136 - train.py[line:193] - INFO: Epoch 41, Loss: 0.1535170078277588, Accuracy: 94.65184783935547, Test Loss: 0.7536883354187012, Test Accuracy: 82.57575988769531
2023-02-10 17:21:06,405 - train.py[line:176] - INFO: 该epoch花费时间：140.73003419999986
2023-02-10 17:21:11,463 - train.py[line:193] - INFO: Epoch 42, Loss: 0.15713123977184296, Accuracy: 94.46308898925781, Test Loss: 0.6974827647209167, Test Accuracy: 83.14393615722656
2023-02-10 17:23:35,881 - train.py[line:176] - INFO: 该epoch花费时间：140.96306269999968
2023-02-10 17:23:40,857 - train.py[line:193] - INFO: Epoch 43, Loss: 0.13737797737121582, Accuracy: 95.4278564453125, Test Loss: 0.6874874234199524, Test Accuracy: 84.8484878540039
2023-02-10 17:26:05,376 - train.py[line:176] - INFO: 该epoch花费时间：140.9380787
2023-02-10 17:26:10,368 - train.py[line:193] - INFO: Epoch 44, Loss: 0.15251769125461578, Accuracy: 95.11325073242188, Test Loss: 0.8003355264663696, Test Accuracy: 80.8712158203125
2023-02-10 17:28:34,736 - train.py[line:176] - INFO: 该epoch花费时间：140.96577269999943
2023-02-10 17:28:39,750 - train.py[line:193] - INFO: Epoch 45, Loss: 0.12954029440879822, Accuracy: 95.28104400634766, Test Loss: 0.7535235285758972, Test Accuracy: 84.46969604492188
2023-02-10 17:31:05,625 - train.py[line:176] - INFO: 该epoch花费时间：140.42400679999992
2023-02-10 17:31:10,584 - train.py[line:193] - INFO: Epoch 46, Loss: 0.14145511388778687, Accuracy: 95.11325073242188, Test Loss: 0.7274237275123596, Test Accuracy: 81.43939208984375
2023-02-10 17:33:36,748 - train.py[line:176] - INFO: 该epoch花费时间：140.4683640000003
2023-02-10 17:33:41,860 - train.py[line:193] - INFO: Epoch 47, Loss: 0.12227588146924973, Accuracy: 95.91023254394531, Test Loss: 0.70891273021698, Test Accuracy: 81.43939208984375
2023-02-10 17:36:08,616 - train.py[line:176] - INFO: 该epoch花费时间：141.0650569999998
2023-02-10 17:36:13,650 - train.py[line:193] - INFO: Epoch 48, Loss: 0.09785927087068558, Accuracy: 96.66526794433594, Test Loss: 0.7313919067382812, Test Accuracy: 82.57575988769531
2023-02-10 17:38:37,898 - train.py[line:176] - INFO: 该epoch花费时间：140.59813219999978
2023-02-10 17:38:42,885 - train.py[line:193] - INFO: Epoch 49, Loss: 0.08933264017105103, Accuracy: 97.2105712890625, Test Loss: 0.7241035103797913, Test Accuracy: 85.41667175292969
2023-02-10 17:41:08,132 - train.py[line:176] - INFO: 该epoch花费时间：140.45238130000052
2023-02-10 17:41:13,154 - train.py[line:193] - INFO: Epoch 50, Loss: 0.10805927217006683, Accuracy: 96.5394287109375, Test Loss: 0.6795892715454102, Test Accuracy: 84.46969604492188
2023-02-10 17:41:16,802 - train.py[line:196] - INFO: 训练结束!
